2024-06-19 18:52:06,065 [INFO] Activator:176 - 


2024-06-19 18:52:06,067 [INFO] Activator:177 - !SESSION log4j initialized
2024-06-19 18:52:09,985 [INFO] LogOutputStream:77 - [STDOUT_REDIRECT] 
2024-06-19 18:52:21,771 [INFO] ApplicationProperties:184 - Using Application install path: C:\ST\STM32CubeIDE_1.15.1\STM32CubeIDE\plugins\com.st.stm32cube.common.mx_6.11.1.202404110753
2024-06-19 18:52:21,787 [INFO] DbMcusXml:78 - Set database path to: C:\ST\STM32CubeIDE_1.15.1\STM32CubeIDE\plugins\com.st.stm32cube.common.mx_6.11.1.202404110753\\db\/mcu/
2024-06-19 18:52:21,788 [INFO] ApiDb:274 - Set plugin database path to: C:\ST\STM32CubeIDE_1.15.1\STM32CubeIDE\plugins\com.st.stm32cube.common.mx_6.11.1.202404110753\\db\/plugins/boardmanager/
2024-06-19 18:52:21,789 [WARN] ApiDb:259 - Overriding images path with different value:  => C:\ST\STM32CubeIDE_1.15.1\STM32CubeIDE\plugins\com.st.stm32cube.common.mx_6.11.1.202404110753\\db\/plugins/mcufinder/images/
2024-06-19 18:52:21,804 [INFO] ApiDb:250 - Set database path to: C:\Users\Omar\.stmcufinder\plugins\mcufinder//mcu/
2024-06-19 18:52:21,805 [INFO] DbMcusAds:125 - Set database path to: C:\Users\Omar\.stmcufinder\plugins\mcufinder//mcu/
2024-06-19 18:52:21,864 [INFO] CrossReferenceDbSqlite:203 - Set database path to: C:\Users\Omar\.stmcufinder\plugins\mcufinder//mcu/cs/
2024-06-19 18:52:21,979 [INFO] RulesReader:64 - Compatibility file has been processed (297 Rules)
2024-06-19 18:52:22,070 [INFO] DbMcusXml:78 - Set database path to: C:\ST\STM32CubeIDE_1.15.1\STM32CubeIDE\plugins\com.st.stm32cube.common.mx_6.11.1.202404110753\\db\/mcu/
2024-06-19 18:52:22,070 [INFO] ApiDb:274 - Set plugin database path to: C:\ST\STM32CubeIDE_1.15.1\STM32CubeIDE\plugins\com.st.stm32cube.common.mx_6.11.1.202404110753\\db\/plugins/boardmanager/
2024-06-19 18:52:22,071 [INFO] ApiDb:261 - Set plugin images path to: C:\ST\STM32CubeIDE_1.15.1\STM32CubeIDE\plugins\com.st.stm32cube.common.mx_6.11.1.202404110753\\db\/plugins/mcufinder/images/
2024-06-19 18:52:22,071 [WARN] DbFile:41 - Overriding database path with different value: C:\Users\Omar\.stmcufinder\plugins\mcufinder/ => C:\Users\Omar\.stmcufinder\plugins\mcufinder
2024-06-19 18:52:22,071 [INFO] ApiDb:250 - Set database path to: C:\Users\Omar\.stmcufinder\plugins\mcufinder//mcu/
2024-06-19 18:52:22,071 [WARN] DbFile:41 - Overriding database path with different value: C:\Users\Omar\.stmcufinder\plugins\mcufinder/ => C:\Users\Omar\.stmcufinder\plugins\mcufinder
2024-06-19 18:52:22,071 [INFO] DbMcusAds:125 - Set database path to: C:\Users\Omar\.stmcufinder\plugins\mcufinder//mcu/
2024-06-19 18:52:22,071 [WARN] DbFile:41 - Overriding database path with different value: C:\Users\Omar\.stmcufinder\plugins\mcufinder/ => C:\Users\Omar\.stmcufinder\plugins\mcufinder
2024-06-19 18:52:22,072 [WARN] DbFile:41 - Overriding database path with different value: C:\Users\Omar\.stmcufinder\plugins\mcufinder/ => C:\Users\Omar\.stmcufinder\plugins\mcufinder
2024-06-19 18:52:22,072 [INFO] CrossReferenceDbSqlite:203 - Set database path to: C:\Users\Omar\.stmcufinder\plugins\mcufinder//mcu/cs/
2024-06-19 18:52:22,147 [INFO] MainPanel:264 - HeapMemory: 268435456
2024-06-19 18:52:22,220 [INFO] DbMcusXml:78 - Set database path to: C:\ST\STM32CubeIDE_1.15.1\STM32CubeIDE\plugins\com.st.stm32cube.common.mx_6.11.1.202404110753\\db\/mcu/
2024-06-19 18:52:22,220 [INFO] ApiDb:274 - Set plugin database path to: C:\ST\STM32CubeIDE_1.15.1\STM32CubeIDE\plugins\com.st.stm32cube.common.mx_6.11.1.202404110753\\db\/plugins/boardmanager/
2024-06-19 18:52:22,220 [INFO] ApiDb:261 - Set plugin images path to: C:\ST\STM32CubeIDE_1.15.1\STM32CubeIDE\plugins\com.st.stm32cube.common.mx_6.11.1.202404110753\\db\/plugins/mcufinder/images/
2024-06-19 18:52:22,220 [WARN] DbFile:41 - Overriding database path with different value: C:\Users\Omar\.stmcufinder\plugins\mcufinder/ => C:\Users\Omar\.stmcufinder\plugins\mcufinder
2024-06-19 18:52:22,221 [INFO] ApiDb:250 - Set database path to: C:\Users\Omar\.stmcufinder\plugins\mcufinder//mcu/
2024-06-19 18:52:22,221 [WARN] DbFile:41 - Overriding database path with different value: C:\Users\Omar\.stmcufinder\plugins\mcufinder/ => C:\Users\Omar\.stmcufinder\plugins\mcufinder
2024-06-19 18:52:22,221 [INFO] DbMcusAds:125 - Set database path to: C:\Users\Omar\.stmcufinder\plugins\mcufinder//mcu/
2024-06-19 18:52:22,221 [WARN] DbFile:41 - Overriding database path with different value: C:\Users\Omar\.stmcufinder\plugins\mcufinder/ => C:\Users\Omar\.stmcufinder\plugins\mcufinder
2024-06-19 18:52:22,221 [WARN] DbFile:41 - Overriding database path with different value: C:\Users\Omar\.stmcufinder\plugins\mcufinder/ => C:\Users\Omar\.stmcufinder\plugins\mcufinder
2024-06-19 18:52:22,221 [INFO] CrossReferenceDbSqlite:203 - Set database path to: C:\Users\Omar\.stmcufinder\plugins\mcufinder//mcu/cs/
2024-06-19 18:52:22,240 [INFO] ApplicationProperties:184 - Using Application install path: C:\ST\STM32CubeIDE_1.15.1\STM32CubeIDE\plugins\com.st.stm32cube.common.mx_6.11.1.202404110753
2024-06-19 18:52:22,241 [INFO] PluginManage:196 - Search for loadable plugins [exclusion list=, ]
2024-06-19 18:52:22,243 [INFO] PluginManage:310 - Check plugin analytics
2024-06-19 18:52:27,007 [INFO] AnalyticsPlugin:253 - Accepted Software Licenses: 
2024-06-19 18:52:27,008 [INFO] AnalyticsPlugin:255 - Accepted CMSIS Pack Licenses: 
2024-06-19 18:52:27,008 [INFO] AnalyticsPlugin:257 - Accepted Firmware Licenses: 
2024-06-19 18:52:27,012 [INFO] PluginManage:359 - Loaded plugin analytics (category:tool,tabindex:-1)
2024-06-19 18:52:27,013 [INFO] PluginManage:310 - Check plugin cadmodel
2024-06-19 18:52:27,017 [INFO] CADModel:105 - Init CAD model plugin
2024-06-19 18:52:27,017 [INFO] PluginManage:359 - Loaded plugin cadmodel (category:power,tabindex:5)
2024-06-19 18:52:27,018 [INFO] PluginManage:310 - Check plugin clock
2024-06-19 18:52:27,028 [INFO] PluginManage:359 - Loaded plugin clock (category:base,tabindex:2)
2024-06-19 18:52:27,028 [INFO] PluginManage:310 - Check plugin ddr
2024-06-19 18:52:27,031 [INFO] PluginManage:359 - Loaded plugin ddr (category:tool,tabindex:6)
2024-06-19 18:52:27,031 [INFO] PluginManage:310 - Check plugin filemanager
2024-06-19 18:52:27,259 [INFO] PluginManage:359 - Loaded plugin filemanager (category:base,tabindex:10)
2024-06-19 18:52:27,259 [INFO] PluginManage:310 - Check plugin ipmanager
2024-06-19 18:52:27,269 [INFO] PluginManage:359 - Loaded plugin ipmanager (category:base,tabindex:5)
2024-06-19 18:52:27,269 [INFO] PluginManage:310 - Check plugin lpbam
2024-06-19 18:52:27,294 [INFO] PluginManage:359 - Loaded plugin lpbam (category:base,tabindex:0)
2024-06-19 18:52:27,295 [INFO] PluginManage:310 - Check plugin memorymap
2024-06-19 18:52:27,311 [INFO] PluginManage:359 - Loaded plugin memorymap (category:base,tabindex:4)
2024-06-19 18:52:27,312 [INFO] PluginManage:310 - Check plugin pinoutandconfiguration
2024-06-19 18:52:27,338 [INFO] PluginManage:359 - Loaded plugin pinoutandconfiguration (category:base,tabindex:1)
2024-06-19 18:52:27,338 [INFO] PluginManage:310 - Check plugin pinoutconfig
2024-06-19 18:52:27,442 [WARN] SupportedApi:132 - Cannot load RTOS API schema: s4s-elt-must-match.1: The content of 'definitions' must match (annotation?, (simpleType | complexType)?, (unique | key | keyref)*)). A problem was found starting at: attribute.
2024-06-19 18:52:27,584 [INFO] PluginManage:359 - Loaded plugin pinoutconfig (category:base,tabindex:0)
2024-06-19 18:52:27,584 [INFO] PluginManage:310 - Check plugin power
2024-06-19 18:52:27,593 [INFO] PluginManage:359 - Loaded plugin power (category:power,tabindex:4)
2024-06-19 18:52:27,593 [INFO] PluginManage:310 - Check plugin projectmanager
2024-06-19 18:52:27,614 [INFO] PluginManage:359 - Loaded plugin projectmanager (category:projectmanager,tabindex:3)
2024-06-19 18:52:27,614 [INFO] PluginManage:310 - Check plugin thirdparty
2024-06-19 18:52:27,737 [INFO] PluginManage:359 - Loaded plugin thirdparty (category:base,tabindex:-1)
2024-06-19 18:52:27,737 [WARN] IntegrityCheckThread:84 - waiting for thirdparty lock release [integrity check]
2024-06-19 18:52:27,737 [INFO] PluginManage:310 - Check plugin tools
2024-06-19 18:52:27,737 [INFO] IntegrityCheckThread:86 - entering critical section [integrity check]
2024-06-19 18:52:27,738 [INFO] ThirdPartyUpdaterWithRetryManager:70 - Updater plugin not ready yet. [1/15]
2024-06-19 18:52:27,740 [INFO] PluginManage:359 - Loaded plugin tools (category:base,tabindex:7)
2024-06-19 18:52:27,740 [INFO] PluginManage:310 - Check plugin tutovideos
2024-06-19 18:52:27,930 [INFO] PluginManage:359 - Loaded plugin tutovideos (category:base,tabindex:-1)
2024-06-19 18:52:27,930 [INFO] PluginManage:310 - Check plugin updater
2024-06-19 18:52:27,944 [INFO] PluginManage:359 - Loaded plugin updater (category:base,tabindex:12)
2024-06-19 18:52:27,944 [INFO] PluginManage:310 - Check plugin userauth
2024-06-19 18:52:27,951 [INFO] UserAuth:114 - Init User Auth plugin
2024-06-19 18:52:27,952 [INFO] PluginManage:359 - Loaded plugin userauth (category:base,tabindex:14)
2024-06-19 18:52:27,952 [INFO] PluginManage:283 - PluginManage : Loaded plugins [17]
2024-06-19 18:52:28,224 [INFO] PinOutPanel:1561 - setPackage(No Configuration,No Configuration)
2024-06-19 18:52:28,314 [INFO] CADModel:165 - CPN selected for project level
2024-06-19 18:52:28,314 [INFO] CADModel:114 - Register for checkConnection events
2024-06-19 18:52:28,332 [INFO] IPUIPlugin:80 - create IPUIPlugin
2024-06-19 18:52:28,333 [INFO] PluginManager:220 - loadIPPluginJar : add adc
2024-06-19 18:52:28,335 [INFO] IPUIPlugin:80 - create IPUIPlugin
2024-06-19 18:52:28,335 [INFO] PluginManager:220 - loadIPPluginJar : add aes
2024-06-19 18:52:28,337 [INFO] IPUIPlugin:80 - create IPUIPlugin
2024-06-19 18:52:28,337 [INFO] PluginManager:220 - loadIPPluginJar : add can
2024-06-19 18:52:28,338 [INFO] IPUIPlugin:80 - create IPUIPlugin
2024-06-19 18:52:28,338 [INFO] PluginManager:220 - loadIPPluginJar : add comp
2024-06-19 18:52:28,340 [INFO] IPUIPlugin:80 - create IPUIPlugin
2024-06-19 18:52:28,340 [INFO] PluginManager:220 - loadIPPluginJar : add cryp
2024-06-19 18:52:28,342 [INFO] IPUIPlugin:80 - create IPUIPlugin
2024-06-19 18:52:28,342 [INFO] PluginManager:220 - loadIPPluginJar : add dfsdm
2024-06-19 18:52:28,349 [INFO] IPUIPlugin:80 - create IPUIPlugin
2024-06-19 18:52:28,350 [INFO] PluginManager:220 - loadIPPluginJar : add dma
2024-06-19 18:52:28,352 [INFO] IPUIPlugin:80 - create IPUIPlugin
2024-06-19 18:52:28,352 [INFO] PluginManager:220 - loadIPPluginJar : add dma3
2024-06-19 18:52:28,354 [INFO] IPUIPlugin:80 - create IPUIPlugin
2024-06-19 18:52:28,354 [INFO] PluginManager:220 - loadIPPluginJar : add extmemmanager
2024-06-19 18:52:28,355 [INFO] IPUIPlugin:80 - create IPUIPlugin
2024-06-19 18:52:28,355 [INFO] PluginManager:220 - loadIPPluginJar : add fatfs
2024-06-19 18:52:28,359 [INFO] IPUIPlugin:80 - create IPUIPlugin
2024-06-19 18:52:28,359 [INFO] PluginManager:220 - loadIPPluginJar : add fmc
2024-06-19 18:52:28,364 [INFO] IPUIPlugin:80 - create IPUIPlugin
2024-06-19 18:52:28,365 [INFO] PluginManager:220 - loadIPPluginJar : add freertos
2024-06-19 18:52:28,366 [INFO] IPUIPlugin:80 - create IPUIPlugin
2024-06-19 18:52:28,366 [INFO] PluginManager:220 - loadIPPluginJar : add genericplugin
2024-06-19 18:52:28,368 [INFO] IPUIPlugin:80 - create IPUIPlugin
2024-06-19 18:52:28,368 [INFO] PluginManager:220 - loadIPPluginJar : add gfxmmu
2024-06-19 18:52:28,372 [INFO] IPUIPlugin:80 - create IPUIPlugin
2024-06-19 18:52:28,372 [INFO] PluginManager:220 - loadIPPluginJar : add gic
2024-06-19 18:52:28,375 [INFO] IPUIPlugin:80 - create IPUIPlugin
2024-06-19 18:52:28,375 [INFO] PluginManager:220 - loadIPPluginJar : add gpio
2024-06-19 18:52:28,378 [INFO] IPUIPlugin:80 - create IPUIPlugin
2024-06-19 18:52:28,378 [INFO] PluginManager:220 - loadIPPluginJar : add gtzc
2024-06-19 18:52:28,380 [INFO] IPUIPlugin:80 - create IPUIPlugin
2024-06-19 18:52:28,380 [INFO] PluginManager:220 - loadIPPluginJar : add hash
2024-06-19 18:52:28,382 [INFO] IPUIPlugin:80 - create IPUIPlugin
2024-06-19 18:52:28,382 [INFO] PluginManager:220 - loadIPPluginJar : add i2c
2024-06-19 18:52:28,384 [INFO] IPUIPlugin:80 - create IPUIPlugin
2024-06-19 18:52:28,384 [INFO] PluginManager:220 - loadIPPluginJar : add i2s
2024-06-19 18:52:28,386 [INFO] IPUIPlugin:80 - create IPUIPlugin
2024-06-19 18:52:28,386 [INFO] PluginManager:220 - loadIPPluginJar : add i3c
2024-06-19 18:52:28,389 [INFO] IPUIPlugin:80 - create IPUIPlugin
2024-06-19 18:52:28,389 [INFO] PluginManager:220 - loadIPPluginJar : add ipddr
2024-06-19 18:52:28,395 [INFO] IPUIPlugin:80 - create IPUIPlugin
2024-06-19 18:52:28,395 [INFO] PluginManager:220 - loadIPPluginJar : add linkedlist
2024-06-19 18:52:28,397 [INFO] IPUIPlugin:80 - create IPUIPlugin
2024-06-19 18:52:28,397 [INFO] PluginManager:220 - loadIPPluginJar : add lorawan
2024-06-19 18:52:28,398 [INFO] IPUIPlugin:80 - create IPUIPlugin
2024-06-19 18:52:28,399 [INFO] PluginManager:220 - loadIPPluginJar : add ltdc
2024-06-19 18:52:28,403 [INFO] IPUIPlugin:80 - create IPUIPlugin
2024-06-19 18:52:28,403 [INFO] PluginManager:220 - loadIPPluginJar : add mdma
2024-06-19 18:52:28,406 [INFO] IPUIPlugin:80 - create IPUIPlugin
2024-06-19 18:52:28,406 [INFO] PluginManager:220 - loadIPPluginJar : add nvic
2024-06-19 18:52:28,408 [INFO] IPUIPlugin:80 - create IPUIPlugin
2024-06-19 18:52:28,408 [INFO] PluginManager:220 - loadIPPluginJar : add opamp
2024-06-19 18:52:28,410 [INFO] IPUIPlugin:80 - create IPUIPlugin
2024-06-19 18:52:28,410 [INFO] PluginManager:220 - loadIPPluginJar : add openamp
2024-06-19 18:52:28,412 [INFO] IPUIPlugin:80 - create IPUIPlugin
2024-06-19 18:52:28,413 [INFO] PluginManager:220 - loadIPPluginJar : add pdm2pcm
2024-06-19 18:52:28,417 [INFO] IPUIPlugin:80 - create IPUIPlugin
2024-06-19 18:52:28,420 [INFO] PluginManager:220 - loadIPPluginJar : add plateformsettings
2024-06-19 18:52:28,421 [INFO] IPUIPlugin:80 - create IPUIPlugin
2024-06-19 18:52:28,421 [INFO] PluginManager:220 - loadIPPluginJar : add quadspi
2024-06-19 18:52:28,423 [INFO] IPUIPlugin:80 - create IPUIPlugin
2024-06-19 18:52:28,423 [INFO] PluginManager:220 - loadIPPluginJar : add resmgrutility
2024-06-19 18:52:28,426 [INFO] IPUIPlugin:80 - create IPUIPlugin
2024-06-19 18:52:28,426 [INFO] PluginManager:220 - loadIPPluginJar : add sai
2024-06-19 18:52:28,427 [INFO] IPUIPlugin:80 - create IPUIPlugin
2024-06-19 18:52:28,428 [INFO] PluginManager:220 - loadIPPluginJar : add spi
2024-06-19 18:52:28,432 [INFO] IPUIPlugin:80 - create IPUIPlugin
2024-06-19 18:52:28,432 [INFO] PluginManager:220 - loadIPPluginJar : add stm32_wpan
2024-06-19 18:52:28,434 [INFO] IPUIPlugin:80 - create IPUIPlugin
2024-06-19 18:52:28,434 [INFO] PluginManager:220 - loadIPPluginJar : add tim
2024-06-19 18:52:28,437 [INFO] IPUIPlugin:80 - create IPUIPlugin
2024-06-19 18:52:28,437 [INFO] PluginManager:220 - loadIPPluginJar : add touchsensing
2024-06-19 18:52:28,438 [INFO] IPUIPlugin:80 - create IPUIPlugin
2024-06-19 18:52:28,438 [INFO] PluginManager:220 - loadIPPluginJar : add tracer_emb
2024-06-19 18:52:28,440 [INFO] IPUIPlugin:80 - create IPUIPlugin
2024-06-19 18:52:28,440 [INFO] PluginManager:220 - loadIPPluginJar : add ts
2024-06-19 18:52:28,441 [INFO] IPUIPlugin:80 - create IPUIPlugin
2024-06-19 18:52:28,441 [INFO] PluginManager:220 - loadIPPluginJar : add tsc
2024-06-19 18:52:28,442 [INFO] IPUIPlugin:80 - create IPUIPlugin
2024-06-19 18:52:28,443 [INFO] PluginManager:220 - loadIPPluginJar : add ucpd
2024-06-19 18:52:28,445 [INFO] IPUIPlugin:80 - create IPUIPlugin
2024-06-19 18:52:28,446 [INFO] PluginManager:220 - loadIPPluginJar : add usart
2024-06-19 18:52:28,448 [INFO] IPUIPlugin:80 - create IPUIPlugin
2024-06-19 18:52:28,448 [INFO] PluginManager:220 - loadIPPluginJar : add usbx
2024-06-19 18:52:28,596 [INFO] CADModel:165 - CPN selected for project level
2024-06-19 18:52:28,597 [INFO] CADModel:114 - Register for checkConnection events
2024-06-19 18:52:28,597 [FATAL] Updater:308 - Updater called before beeing initialized
2024-06-19 18:52:28,597 [ERROR] CADModel:125 - Updater not yet initialized, retry later 
2024-06-19 18:52:28,761 [INFO] CADModel:165 - CPN selected for project level
2024-06-19 18:52:28,761 [INFO] CADModel:114 - Register for checkConnection events
2024-06-19 18:52:28,762 [FATAL] Updater:308 - Updater called before beeing initialized
2024-06-19 18:52:28,762 [ERROR] CADModel:125 - Updater not yet initialized, retry later 
2024-06-19 18:52:28,764 [FATAL] Updater:308 - Updater called before beeing initialized
2024-06-19 18:52:28,879 [FATAL] Updater:308 - Updater called before beeing initialized
2024-06-19 18:52:28,883 [INFO] DbMcusAds:53 - JSON generation date=Thu Sep 30 08:55:09 EET 2021 (1632984909247)
2024-06-19 18:52:28,884 [FATAL] Updater:308 - Updater called before beeing initialized
2024-06-19 18:52:28,919 [WARN] DetailPanel:346 - Failed to get advertising image, set to default
2024-06-19 18:52:29,042 [FATAL] Updater:308 - Updater called before beeing initialized
2024-06-19 18:52:29,044 [FATAL] Updater:308 - Updater called before beeing initialized
2024-06-19 18:52:29,044 [FATAL] Updater:308 - Updater called before beeing initialized
2024-06-19 18:52:29,044 [WARN] DetailPanel:346 - Failed to get advertising image, set to default
2024-06-19 18:52:29,045 [FATAL] Updater:308 - Updater called before beeing initialized
2024-06-19 18:52:29,104 [ERROR] Updater:1120 - MainUpdater not yet initialized. External WinMGr cannot be set.
2024-06-19 18:52:29,107 [INFO] Updater:1056 - Updater Version found : 6.11.1
2024-06-19 18:52:29,122 [INFO] ApplicationProperties:184 - Using Application install path: C:\ST\STM32CubeIDE_1.15.1\STM32CubeIDE\plugins\com.st.stm32cube.common.mx_6.11.1.202404110753
2024-06-19 18:52:29,173 [INFO] MainUpdater:526 - Copy updater definitions from MX database
2024-06-19 18:52:30,105 [INFO] MainUpdater:2873 - connection check result : 10
2024-06-19 18:52:30,106 [INFO] MainUpdater:3567 - Updater definition file requires update
2024-06-19 18:52:30,107 [INFO] MainUpdater:290 - Updater Check For Update Now.
2024-06-19 18:52:30,107 [INFO] MicroXplorer:498 - Change Database Version : DB.6.0.111
2024-06-19 18:52:30,116 [INFO] McuFinderGlobals:63 - Set McuFinder mode to 2 (CubeIDE integrated)
2024-06-19 18:52:30,116 [INFO] UserAuth:179 - activating auth plugin
2024-06-19 18:52:30,119 [INFO] UserAuth:415 - Internet connection configuration mode: 1
2024-06-19 18:52:30,132 [INFO] JxBrowserEngine:152 - Initiate JxBrowser Engine with user profile folder
2024-06-19 18:52:30,742 [WARN] MainUpdater:1194 - Updater busy. Cannot search thirdparties
2024-06-19 18:52:30,743 [INFO] ThirdPartyUpdaterWithRetryManager:96 - Updater plugin is busy. [1/15]
2024-06-19 18:52:31,159 [INFO] ServerAccessManage:473 - Download File updaters.zip
2024-06-19 18:52:32,140 [INFO] FileExtend:240 - Unzip File : updaters.zip
2024-06-19 18:52:32,140 [INFO] FileExtend:255 - Standard Zip Deflate
2024-06-19 18:52:33,077 [INFO] ServerAccessManage:473 - Download File PacksControlFlags.xml
2024-06-19 18:52:33,394 [INFO] ServerAccessManage:473 - Download File cubemx.pidx
2024-06-19 18:52:33,474 [INFO] LoadServerUpdatesThread:375 - End of LoadServerUpdate Thread
2024-06-19 18:52:33,515 [WARN] CheckServerUpdateThread:151 - Open CheckUpdateFile Fail
2024-06-19 18:52:33,634 [INFO] CheckServerUpdateThread:120 - End of CheckServer Thread
2024-06-19 18:52:33,793 [INFO] ThirdParty:978 - Integrity check success = true
2024-06-19 18:52:33,793 [INFO] IntegrityCheckThread:100 - exiting critical section [integrity check]
2024-06-19 18:52:33,793 [INFO] IntegrityCheckThread:103 - End integrity checks thread
2024-06-19 18:52:34,365 [INFO] WebApp:161 - Instantiating new browser for Auth
2024-06-19 18:52:34,859 [INFO] WebApp:779 - Register for checkConnection events
2024-06-19 18:52:34,859 [INFO] WebApp:414 - Apply proxy settings
2024-06-19 18:52:34,859 [INFO] WebApp:499 - Chromium requires no authentication
2024-06-19 18:52:34,867 [INFO] WebApp:442 - Direct internet connection detected
2024-06-19 18:52:35,031 [INFO] WebApp:192 - Starting web application
2024-06-19 18:52:35,032 [INFO] WebApp:544 - Web application path used C:\ST\STM32CubeIDE_1.15.1\STM32CubeIDE\plugins\com.st.stm32cube.common.mx_6.11.1.202404110753\db\plugins\mcufinder\reactClient1\index.html
2024-06-19 19:03:02,688 [INFO] McuFinderGlobals:63 - Set McuFinder mode to 2 (CubeIDE integrated)
2024-06-19 19:03:02,691 [INFO] MainUpdater:2873 - connection check result : 10
2024-06-19 19:03:03,083 [INFO] ApiDb:581 - Connected to CubeFinder SQLite database (C:\Users\Omar\.stmcufinder\plugins\mcufinder\mcu\cube-finder-db.db)
2024-06-19 19:03:03,222 [INFO] ApiDb:668 - CubeFinder database Data Model version=2.1
2024-06-19 19:03:03,222 [INFO] ApiDb:669 - CubeFinder database Configuration version=3.0.39
2024-06-19 19:03:03,223 [INFO] ApiDb:670 - CubeFinder database generation date=2024-06-06 (1717689626)
2024-06-19 19:03:03,223 [INFO] ApiDb:671 - CubeFinder database FW Pack versions=[FP-ATR-ASTRA1_V2.0.0, FP-SNS-FLIGHT1_V5.0.2, FP-SNS-MOTENV1_V5.0.0, FP-SNS-MOTENVWB1_V1.4.0, FP-SNS-SMARTAG2_V1.2.0, STM32Cube_FW_C0_V1.2.0, STM32Cube_FW_F4_V1.28.0, STM32Cube_FW_F7_V1.17.2, STM32Cube_FW_G0_V1.6.2, STM32Cube_FW_G4_V1.6.0, STM32Cube_FW_H5_V1.3.0, STM32Cube_FW_H7RS_V1.1.0, STM32Cube_FW_H7_V1.11.2, STM32Cube_FW_L0_V1.12.2, STM32Cube_FW_L5_V1.5.1, STM32Cube_FW_U0_V1.1.0, STM32Cube_FW_U5_V1.6.0, STM32Cube_FW_WB0_V1.0.0, STM32Cube_FW_WBA_V1.4.0, STM32Cube_FW_WB_V1.20.0, STM32Cube_FW_WL_V1.3.0, X-CUBE-ALGOBUILD_V1.4.0, X-CUBE-ALS_V1.0.2, X-CUBE-AZRTOS-F4_V1.1.0, X-CUBE-AZRTOS-F7_V1.1.0, X-CUBE-AZRTOS-G0_V1.1.0, X-CUBE-AZRTOS-G4_V2.0.0, X-CUBE-AZRTOS-H7RS_V1.0.0, X-CUBE-AZRTOS-H7_V3.2.0, X-CUBE-AZRTOS-L4_V2.0.0, X-CUBE-AZRTOS-L5_V1.1.0, X-CUBE-AZRTOS-WB_V2.0.0, X-CUBE-AZRTOS-WL_V2.0.0, X-CUBE-BLE1_V7.0.0, X-CUBE-BLE2_V3.3.0, X-CUBE-BLEMGR_V3.1.0, X-CUBE-EEPRMA1_V5.1.0, X-CUBE-FREERTOS_V1.2.0, X-CUBE-GNSS1_V6.0.0, X-CUBE-MEMS1_V10.0.0, X-CUBE-NFC4_V3.0.0, X-CUBE-NFC7_V1.0.1, X-CUBE-SFXS2LP1_V4.0.0, X-CUBE-SUBG2_V5.0.0, X-CUBE-TOF1_V3.4.1]
2024-06-19 19:03:03,448 [INFO] DbBoardsSqlite:226 - include board P-NUCLEO-WB55-NUCLEO as a kit item of type 'Nucleo-64'
2024-06-19 19:03:03,449 [INFO] DbBoardsSqlite:226 - include board P-NUCLEO-WB55-USBDONGLE as a kit item of type 'Nucleo USB Dongle'
2024-06-19 19:03:03,451 [INFO] DbBoardsSqlite:226 - include board STEVAL-IDP005V1 as a kit item of type 'Evaluation Board'
2024-06-19 19:03:03,451 [INFO] DbBoardsSqlite:226 - include board STEVAL-IDP005V2 as a kit item of type 'Evaluation Board'
2024-06-19 19:03:03,852 [INFO] ApiDb:240 - Found 483 in-development CPN: [B-G473E-ZEST1S, B-WB1M-WPAN1, B-WL5M-SUBG1, NUCLEO-C031C6, NUCLEO-H503RB, NUCLEO-H533RE, NUCLEO-H563ZI, NUCLEO-H7S3L8, NUCLEO-U031R8, NUCLEO-U083RC, NUCLEO-U545RE-Q, NUCLEO-U5A5ZJ-Q, NUCLEO-WBA52CG, NUCLEO-WBA55CG, STEVAL-PROTEUS1, STEVAL-SMARTAG2, STEVAL-STWINBX1, STM320518-EVAL, STM32C0116-DK, STM32C011D6Y3TR, STM32C011D6Y6TR, STM32C011F4P3, STM32C011F4P6, STM32C011F4U3, STM32C011F4U6TR, STM32C011F6P3, STM32C011F6P6, STM32C011F6U3, STM32C011F6U6TR, STM32C011J4M3, STM32C011J4M6, STM32C011J6M3, STM32C011J6M6, STM32C0316-DK, STM32C031C4T3, STM32C031C4T6, STM32C031C4U3, STM32C031C4U6, STM32C031C6T3, STM32C031C6T6, STM32C031C6U3, STM32C031C6U6, STM32C031F4P3, STM32C031F4P6, STM32C031F6P3, STM32C031F6P6, STM32C031G4U3, STM32C031G4U6, STM32C031G6U3, STM32C031G6U6, STM32C031K4T3, STM32C031K4T6, STM32C031K4U3, STM32C031K4U6, STM32C031K6T3, STM32C031K6T6, STM32C031K6U3, STM32C031K6U6, STM32G071K8TXN, STM32G071K8UXN, STM32G081GBU6N, STM32G081KBT6N, STM32G081KBUXN, STM32G0B1CCT6N, STM32G0B1KCT6, STM32G0B1NEY6TR, STM32G0B1RCT6N, STM32G0C1CCT6, STM32G0C1CCT6N, STM32G0C1CCU6N, STM32G0C1CET6N, STM32G0C1CEU6N, STM32G0C1KCT6, STM32G0C1NEY6TR, STM32G0C1RCI6N, STM32G0C1RCT6N, STM32G0C1REI6N, STM32G0C1RET6N, STM32G0C1VCI6, STM32G0C1VEI6, STM32G471CCT6, STM32G471CCU6, STM32G471CET3, STM32G471CET6, STM32G471CEU3, STM32G471CEU6, STM32G471MCT6, STM32G471MET3, STM32G471MET6, STM32G471MEY6TR, STM32G471QCT6, STM32G471QET3, STM32G471RCT6, STM32G471RET3, STM32G471RET6, STM32G471VCH6, STM32G471VCI6, STM32G471VCT6, STM32G471VEH3, STM32G471VEH6, STM32G471VEI3, STM32G471VEI6, STM32G471VET3, STM32G471VET6, STM32G474CCT6, STM32H503CBT6, STM32H503CBU6, STM32H503EBY6TR, STM32H503KBU6, STM32H503RBT6, STM32H523CCT6, STM32H523CCU6, STM32H523CET6, STM32H523CEU6, STM32H523HEY6TR, STM32H523RCT6, STM32H523RET6, STM32H523VCI6, STM32H523VCT6, STM32H523VEI6, STM32H523VET6, STM32H523ZCJ6, STM32H523ZCT6, STM32H523ZEJ6, STM32H523ZET6, STM32H533CET6, STM32H533CEU6, STM32H533HEY6TR, STM32H533RET6, STM32H533VEI6, STM32H533VET6, STM32H533ZEJ6, STM32H533ZET6, STM32H562AGI6, STM32H562AII6, STM32H562IGK6, STM32H562IGT6, STM32H562IIK6, STM32H562IIT6, STM32H562RGT6, STM32H562RGV6, STM32H562RIT6, STM32H562RIV6, STM32H562VGT6, STM32H562VIT6, STM32H562ZGT6, STM32H562ZIT6, STM32H563AGI6, STM32H563AII3Q, STM32H563AII6, STM32H563IGK6, STM32H563IGT6, STM32H563IIK3Q, STM32H563IIK6, STM32H563IIT3Q, STM32H563IIT6, STM32H563MIY3QTR, STM32H563RGT6, STM32H563RGV6, STM32H563RIT6, STM32H563RIV6, STM32H563VGT6, STM32H563VIT3Q, STM32H563VIT6, STM32H563ZGT6, STM32H563ZIT3Q, STM32H563ZIT6, STM32H573AII3Q, STM32H573AII6, STM32H573I-DK, STM32H573IIK3Q, STM32H573IIK6, STM32H573IIT3Q, STM32H573IIT6, STM32H573MIY3QTR, STM32H573RIT6, STM32H573RIV6, STM32H573VIT3Q, STM32H573VIT6, STM32H573ZIT3Q, STM32H573ZIT6, STM32H7R3A8I6, STM32H7R3I8K6, STM32H7R3I8T6, STM32H7R3L8H6, STM32H7R3L8H6H, STM32H7R3R8V6, STM32H7R3V8H6, STM32H7R3V8T6, STM32H7R3V8Y6, STM32H7R3Z8J6, STM32H7R3Z8T6, STM32H7R7A8I6, STM32H7R7I8K6, STM32H7R7I8T6, STM32H7R7L8H6, STM32H7R7L8H6H, STM32H7R7Z8J6, STM32H7S3A8I6, STM32H7S3I8K6, STM32H7S3I8T6, STM32H7S3L8H6, STM32H7S3L8H6H, STM32H7S3R8V6, STM32H7S3V8H6, STM32H7S3V8T6, STM32H7S3V8Y6, STM32H7S3Z8J6, STM32H7S3Z8T6, STM32H7S78-DK, STM32H7S7A8I6, STM32H7S7I8K6, STM32H7S7I8T6, STM32H7S7L8H6, STM32H7S7L8H6H, STM32H7S7Z8J6, STM32L4R5QGI6STR, STM32MP131AAE3, STM32MP131AAF3, STM32MP131AAG3, STM32MP131CAE3, STM32MP131CAF3, STM32MP131CAG3, STM32MP131DAE7, STM32MP131DAF7, STM32MP131DAG7, STM32MP131FAE7, STM32MP131FAF7, STM32MP131FAG7, STM32MP133AAE3, STM32MP133AAF3, STM32MP133AAG3, STM32MP133CAE3, STM32MP133CAF3, STM32MP133CAG3, STM32MP133DAE7, STM32MP133DAF7, STM32MP133DAG7, STM32MP133FAE7, STM32MP133FAF7, STM32MP133FAG7, STM32MP135AAE3, STM32MP135AAF3, STM32MP135AAG3, STM32MP135CAE3, STM32MP135CAF3, STM32MP135CAG3, STM32MP135DAE7, STM32MP135DAF7, STM32MP135DAG7, STM32MP135F-DK, STM32MP135FAE7, STM32MP135FAF7, STM32MP135FAF7T, STM32MP135FAF7U, STM32MP135FAG7, STM32U031C6T6, STM32U031C6U6, STM32U031C8T6, STM32U031C8U6, STM32U031F4P6, STM32U031F6P6, STM32U031F8P6, STM32U031G6Y6TR, STM32U031G8Y6TR, STM32U031K4U6, STM32U031K6U6, STM32U031K8U6, STM32U031R6I6, STM32U031R6T6, STM32U031R8I6, STM32U031R8T6, STM32U073C8T6, STM32U073C8U6, STM32U073CBT6, STM32U073CBU6, STM32U073CCT6, STM32U073CCU6, STM32U073H8Y6TR, STM32U073HBY6TR, STM32U073HCY6TR, STM32U073K8U6, STM32U073KBU6, STM32U073KCU6, STM32U073M8I6, STM32U073M8T6, STM32U073MBI6, STM32U073MBT6, STM32U073MCI6, STM32U073MCT6, STM32U073R8I6, STM32U073R8T6, STM32U073RBI6, STM32U073RBT6, STM32U073RCI6, STM32U073RCT6, STM32U083C-DK, STM32U083CCT6, STM32U083CCU6, STM32U083HCY6TR, STM32U083KCU6, STM32U083MCI6, STM32U083MCT6, STM32U083RCI6, STM32U083RCT6, STM32U535CBT6, STM32U535CBT6Q, STM32U535CBU6, STM32U535CBU6Q, STM32U535CCT6, STM32U535CCT6Q, STM32U535CCU6, STM32U535CCU6Q, STM32U535CET6, STM32U535CET6Q, STM32U535CEU6, STM32U535CEU6Q, STM32U535JEY6QTR, STM32U535NCY6QTR, STM32U535NEY6QTR, STM32U535RBI6, STM32U535RBI6Q, STM32U535RBT6, STM32U535RBT6Q, STM32U535RCI6, STM32U535RCI6Q, STM32U535RCT6, STM32U535RCT6Q, STM32U535REI6, STM32U535REI6Q, STM32U535RET6, STM32U535RET6Q, STM32U535VCI6, STM32U535VCI6Q, STM32U535VCT6, STM32U535VCT6Q, STM32U535VEI6, STM32U535VEI6Q, STM32U535VET6, STM32U535VET6Q, STM32U545CET6, STM32U545CET6Q, STM32U545CEU6, STM32U545CEU6Q, STM32U545JEY6QTR, STM32U545NEY6QTR, STM32U545REI6, STM32U545REI6Q, STM32U545RET6, STM32U545RET6Q, STM32U545VEI6, STM32U545VEI6Q, STM32U545VET6, STM32U545VET6Q, STM32U595AIH6, STM32U595AIH6Q, STM32U595AJH6, STM32U595AJH6Q, STM32U595QII6, STM32U595QII6Q, STM32U595QJI6, STM32U595QJI6Q, STM32U595RIT6, STM32U595RIT6Q, STM32U595RJT6, STM32U595RJT6Q, STM32U595VIT6, STM32U595VIT6Q, STM32U595VJT6, STM32U595VJT6Q, STM32U595ZIT6, STM32U595ZIT6Q, STM32U595ZIY6QTR, STM32U595ZJT6, STM32U595ZJT6Q, STM32U595ZJY6QTR, STM32U599BJY6QTR, STM32U599NIH6Q, STM32U599NJH6Q, STM32U599VIT6Q, STM32U599VJT6, STM32U599VJT6Q, STM32U599ZIT6Q, STM32U599ZIY6QTR, STM32U599ZJT6Q, STM32U599ZJY6QTR, STM32U5A5AJH6, STM32U5A5AJH6Q, STM32U5A5QII3Q , STM32U5A5QJI6, STM32U5A5QJI6Q, STM32U5A5RJT6, STM32U5A5RJT6Q, STM32U5A5VJT6, STM32U5A5VJT6Q, STM32U5A5ZJT6, STM32U5A5ZJT6Q, STM32U5A5ZJY6QTR, STM32U5A9BJY6QTR, STM32U5A9J-DK, STM32U5A9NJH6Q, STM32U5A9VJT6Q, STM32U5A9ZJT6Q, STM32U5A9ZJY6QTR, STM32U5F7VIT6, STM32U5F7VIT6Q, STM32U5F7VJT6, STM32U5F7VJT6Q, STM32U5F9BJY6QTR, STM32U5F9NJH6Q, STM32U5F9VIT6Q, STM32U5F9VJT6Q, STM32U5F9ZIJ6QTR, STM32U5F9ZIT6Q, STM32U5F9ZJJ6QTR, STM32U5F9ZJT6Q, STM32U5G7VJT6, STM32U5G7VJT6Q, STM32U5G9BJY6QTR, STM32U5G9J-DK1, STM32U5G9J-DK2, STM32U5G9NJH6Q, STM32U5G9VJT6Q, STM32U5G9ZJJ6QTR, STM32U5G9ZJT6Q, STM32WB1MMCH6, STM32WBA50KEU6, STM32WBA50KEU6TR, STM32WBA50KGU6, STM32WBA50KGU6TR, STM32WBA52CEU6, STM32WBA52CEU6TR, STM32WBA52CEU7, STM32WBA52CEU7TR, STM32WBA52CGU6, STM32WBA52CGU6TR, STM32WBA52CGU6U, STM32WBA52CGU7, STM32WBA52CGU7TR, STM32WBA52KEU6, STM32WBA52KEU6TR, STM32WBA52KGU6, STM32WBA52KGU6TR, STM32WBA54CEU6, STM32WBA54CEU6TR, STM32WBA54CEU7, STM32WBA54CEU7TR, STM32WBA54CGU6, STM32WBA54CGU6TR, STM32WBA54CGU7, STM32WBA54CGU7TR, STM32WBA54KEU6, STM32WBA54KEU6TR, STM32WBA54KEU7, STM32WBA54KEU7TR, STM32WBA54KGU6, STM32WBA54KGU6TR, STM32WBA54KGU7, STM32WBA54KGU7TR, STM32WBA55CEU6, STM32WBA55CEU6TR, STM32WBA55CEU7, STM32WBA55CEU7TR, STM32WBA55CGU6, STM32WBA55CGU6TR, STM32WBA55CGU6U, STM32WBA55CGU7, STM32WBA55CGU7TR, STM32WBA55G-DK1, STM32WBA55HEF6, STM32WBA55HEF7, STM32WBA55HGF6, STM32WBA55HGF7, STM32WBA55UEI6, STM32WBA55UEI6TR, STM32WBA55UEI7, STM32WBA55UEI7TR, STM32WBA55UGI6, STM32WBA55UGI6TR, STM32WBA55UGI7, STM32WBA55UGI7TR, STM32WL5MOCH6, STM32WL5MOCH6TR]
2024-06-19 19:03:03,858 [INFO] ApiDb:668 - CubeFinder database Data Model version=2.1
2024-06-19 19:03:03,859 [INFO] ApiDb:669 - CubeFinder database Configuration version=3.0.39
2024-06-19 19:03:03,859 [INFO] ApiDb:670 - CubeFinder database generation date=2024-06-06 (1717689626)
2024-06-19 19:03:03,859 [INFO] ApiDb:671 - CubeFinder database FW Pack versions=[FP-ATR-ASTRA1_V2.0.0, FP-SNS-FLIGHT1_V5.0.2, FP-SNS-MOTENV1_V5.0.0, FP-SNS-MOTENVWB1_V1.4.0, FP-SNS-SMARTAG2_V1.2.0, STM32Cube_FW_C0_V1.2.0, STM32Cube_FW_F4_V1.28.0, STM32Cube_FW_F7_V1.17.2, STM32Cube_FW_G0_V1.6.2, STM32Cube_FW_G4_V1.6.0, STM32Cube_FW_H5_V1.3.0, STM32Cube_FW_H7RS_V1.1.0, STM32Cube_FW_H7_V1.11.2, STM32Cube_FW_L0_V1.12.2, STM32Cube_FW_L5_V1.5.1, STM32Cube_FW_U0_V1.1.0, STM32Cube_FW_U5_V1.6.0, STM32Cube_FW_WB0_V1.0.0, STM32Cube_FW_WBA_V1.4.0, STM32Cube_FW_WB_V1.20.0, STM32Cube_FW_WL_V1.3.0, X-CUBE-ALGOBUILD_V1.4.0, X-CUBE-ALS_V1.0.2, X-CUBE-AZRTOS-F4_V1.1.0, X-CUBE-AZRTOS-F7_V1.1.0, X-CUBE-AZRTOS-G0_V1.1.0, X-CUBE-AZRTOS-G4_V2.0.0, X-CUBE-AZRTOS-H7RS_V1.0.0, X-CUBE-AZRTOS-H7_V3.2.0, X-CUBE-AZRTOS-L4_V2.0.0, X-CUBE-AZRTOS-L5_V1.1.0, X-CUBE-AZRTOS-WB_V2.0.0, X-CUBE-AZRTOS-WL_V2.0.0, X-CUBE-BLE1_V7.0.0, X-CUBE-BLE2_V3.3.0, X-CUBE-BLEMGR_V3.1.0, X-CUBE-EEPRMA1_V5.1.0, X-CUBE-FREERTOS_V1.2.0, X-CUBE-GNSS1_V6.0.0, X-CUBE-MEMS1_V10.0.0, X-CUBE-NFC4_V3.0.0, X-CUBE-NFC7_V1.0.1, X-CUBE-SFXS2LP1_V4.0.0, X-CUBE-SUBG2_V5.0.0, X-CUBE-TOF1_V3.4.1]
2024-06-19 19:03:06,461 [INFO] ApiDb:240 - Found 483 in-development CPN: [B-G473E-ZEST1S, B-WB1M-WPAN1, B-WL5M-SUBG1, NUCLEO-C031C6, NUCLEO-H503RB, NUCLEO-H533RE, NUCLEO-H563ZI, NUCLEO-H7S3L8, NUCLEO-U031R8, NUCLEO-U083RC, NUCLEO-U545RE-Q, NUCLEO-U5A5ZJ-Q, NUCLEO-WBA52CG, NUCLEO-WBA55CG, STEVAL-PROTEUS1, STEVAL-SMARTAG2, STEVAL-STWINBX1, STM320518-EVAL, STM32C0116-DK, STM32C011D6Y3TR, STM32C011D6Y6TR, STM32C011F4P3, STM32C011F4P6, STM32C011F4U3, STM32C011F4U6TR, STM32C011F6P3, STM32C011F6P6, STM32C011F6U3, STM32C011F6U6TR, STM32C011J4M3, STM32C011J4M6, STM32C011J6M3, STM32C011J6M6, STM32C0316-DK, STM32C031C4T3, STM32C031C4T6, STM32C031C4U3, STM32C031C4U6, STM32C031C6T3, STM32C031C6T6, STM32C031C6U3, STM32C031C6U6, STM32C031F4P3, STM32C031F4P6, STM32C031F6P3, STM32C031F6P6, STM32C031G4U3, STM32C031G4U6, STM32C031G6U3, STM32C031G6U6, STM32C031K4T3, STM32C031K4T6, STM32C031K4U3, STM32C031K4U6, STM32C031K6T3, STM32C031K6T6, STM32C031K6U3, STM32C031K6U6, STM32G071K8TXN, STM32G071K8UXN, STM32G081GBU6N, STM32G081KBT6N, STM32G081KBUXN, STM32G0B1CCT6N, STM32G0B1KCT6, STM32G0B1NEY6TR, STM32G0B1RCT6N, STM32G0C1CCT6, STM32G0C1CCT6N, STM32G0C1CCU6N, STM32G0C1CET6N, STM32G0C1CEU6N, STM32G0C1KCT6, STM32G0C1NEY6TR, STM32G0C1RCI6N, STM32G0C1RCT6N, STM32G0C1REI6N, STM32G0C1RET6N, STM32G0C1VCI6, STM32G0C1VEI6, STM32G471CCT6, STM32G471CCU6, STM32G471CET3, STM32G471CET6, STM32G471CEU3, STM32G471CEU6, STM32G471MCT6, STM32G471MET3, STM32G471MET6, STM32G471MEY6TR, STM32G471QCT6, STM32G471QET3, STM32G471RCT6, STM32G471RET3, STM32G471RET6, STM32G471VCH6, STM32G471VCI6, STM32G471VCT6, STM32G471VEH3, STM32G471VEH6, STM32G471VEI3, STM32G471VEI6, STM32G471VET3, STM32G471VET6, STM32G474CCT6, STM32H503CBT6, STM32H503CBU6, STM32H503EBY6TR, STM32H503KBU6, STM32H503RBT6, STM32H523CCT6, STM32H523CCU6, STM32H523CET6, STM32H523CEU6, STM32H523HEY6TR, STM32H523RCT6, STM32H523RET6, STM32H523VCI6, STM32H523VCT6, STM32H523VEI6, STM32H523VET6, STM32H523ZCJ6, STM32H523ZCT6, STM32H523ZEJ6, STM32H523ZET6, STM32H533CET6, STM32H533CEU6, STM32H533HEY6TR, STM32H533RET6, STM32H533VEI6, STM32H533VET6, STM32H533ZEJ6, STM32H533ZET6, STM32H562AGI6, STM32H562AII6, STM32H562IGK6, STM32H562IGT6, STM32H562IIK6, STM32H562IIT6, STM32H562RGT6, STM32H562RGV6, STM32H562RIT6, STM32H562RIV6, STM32H562VGT6, STM32H562VIT6, STM32H562ZGT6, STM32H562ZIT6, STM32H563AGI6, STM32H563AII3Q, STM32H563AII6, STM32H563IGK6, STM32H563IGT6, STM32H563IIK3Q, STM32H563IIK6, STM32H563IIT3Q, STM32H563IIT6, STM32H563MIY3QTR, STM32H563RGT6, STM32H563RGV6, STM32H563RIT6, STM32H563RIV6, STM32H563VGT6, STM32H563VIT3Q, STM32H563VIT6, STM32H563ZGT6, STM32H563ZIT3Q, STM32H563ZIT6, STM32H573AII3Q, STM32H573AII6, STM32H573I-DK, STM32H573IIK3Q, STM32H573IIK6, STM32H573IIT3Q, STM32H573IIT6, STM32H573MIY3QTR, STM32H573RIT6, STM32H573RIV6, STM32H573VIT3Q, STM32H573VIT6, STM32H573ZIT3Q, STM32H573ZIT6, STM32H7R3A8I6, STM32H7R3I8K6, STM32H7R3I8T6, STM32H7R3L8H6, STM32H7R3L8H6H, STM32H7R3R8V6, STM32H7R3V8H6, STM32H7R3V8T6, STM32H7R3V8Y6, STM32H7R3Z8J6, STM32H7R3Z8T6, STM32H7R7A8I6, STM32H7R7I8K6, STM32H7R7I8T6, STM32H7R7L8H6, STM32H7R7L8H6H, STM32H7R7Z8J6, STM32H7S3A8I6, STM32H7S3I8K6, STM32H7S3I8T6, STM32H7S3L8H6, STM32H7S3L8H6H, STM32H7S3R8V6, STM32H7S3V8H6, STM32H7S3V8T6, STM32H7S3V8Y6, STM32H7S3Z8J6, STM32H7S3Z8T6, STM32H7S78-DK, STM32H7S7A8I6, STM32H7S7I8K6, STM32H7S7I8T6, STM32H7S7L8H6, STM32H7S7L8H6H, STM32H7S7Z8J6, STM32L4R5QGI6STR, STM32MP131AAE3, STM32MP131AAF3, STM32MP131AAG3, STM32MP131CAE3, STM32MP131CAF3, STM32MP131CAG3, STM32MP131DAE7, STM32MP131DAF7, STM32MP131DAG7, STM32MP131FAE7, STM32MP131FAF7, STM32MP131FAG7, STM32MP133AAE3, STM32MP133AAF3, STM32MP133AAG3, STM32MP133CAE3, STM32MP133CAF3, STM32MP133CAG3, STM32MP133DAE7, STM32MP133DAF7, STM32MP133DAG7, STM32MP133FAE7, STM32MP133FAF7, STM32MP133FAG7, STM32MP135AAE3, STM32MP135AAF3, STM32MP135AAG3, STM32MP135CAE3, STM32MP135CAF3, STM32MP135CAG3, STM32MP135DAE7, STM32MP135DAF7, STM32MP135DAG7, STM32MP135F-DK, STM32MP135FAE7, STM32MP135FAF7, STM32MP135FAF7T, STM32MP135FAF7U, STM32MP135FAG7, STM32U031C6T6, STM32U031C6U6, STM32U031C8T6, STM32U031C8U6, STM32U031F4P6, STM32U031F6P6, STM32U031F8P6, STM32U031G6Y6TR, STM32U031G8Y6TR, STM32U031K4U6, STM32U031K6U6, STM32U031K8U6, STM32U031R6I6, STM32U031R6T6, STM32U031R8I6, STM32U031R8T6, STM32U073C8T6, STM32U073C8U6, STM32U073CBT6, STM32U073CBU6, STM32U073CCT6, STM32U073CCU6, STM32U073H8Y6TR, STM32U073HBY6TR, STM32U073HCY6TR, STM32U073K8U6, STM32U073KBU6, STM32U073KCU6, STM32U073M8I6, STM32U073M8T6, STM32U073MBI6, STM32U073MBT6, STM32U073MCI6, STM32U073MCT6, STM32U073R8I6, STM32U073R8T6, STM32U073RBI6, STM32U073RBT6, STM32U073RCI6, STM32U073RCT6, STM32U083C-DK, STM32U083CCT6, STM32U083CCU6, STM32U083HCY6TR, STM32U083KCU6, STM32U083MCI6, STM32U083MCT6, STM32U083RCI6, STM32U083RCT6, STM32U535CBT6, STM32U535CBT6Q, STM32U535CBU6, STM32U535CBU6Q, STM32U535CCT6, STM32U535CCT6Q, STM32U535CCU6, STM32U535CCU6Q, STM32U535CET6, STM32U535CET6Q, STM32U535CEU6, STM32U535CEU6Q, STM32U535JEY6QTR, STM32U535NCY6QTR, STM32U535NEY6QTR, STM32U535RBI6, STM32U535RBI6Q, STM32U535RBT6, STM32U535RBT6Q, STM32U535RCI6, STM32U535RCI6Q, STM32U535RCT6, STM32U535RCT6Q, STM32U535REI6, STM32U535REI6Q, STM32U535RET6, STM32U535RET6Q, STM32U535VCI6, STM32U535VCI6Q, STM32U535VCT6, STM32U535VCT6Q, STM32U535VEI6, STM32U535VEI6Q, STM32U535VET6, STM32U535VET6Q, STM32U545CET6, STM32U545CET6Q, STM32U545CEU6, STM32U545CEU6Q, STM32U545JEY6QTR, STM32U545NEY6QTR, STM32U545REI6, STM32U545REI6Q, STM32U545RET6, STM32U545RET6Q, STM32U545VEI6, STM32U545VEI6Q, STM32U545VET6, STM32U545VET6Q, STM32U595AIH6, STM32U595AIH6Q, STM32U595AJH6, STM32U595AJH6Q, STM32U595QII6, STM32U595QII6Q, STM32U595QJI6, STM32U595QJI6Q, STM32U595RIT6, STM32U595RIT6Q, STM32U595RJT6, STM32U595RJT6Q, STM32U595VIT6, STM32U595VIT6Q, STM32U595VJT6, STM32U595VJT6Q, STM32U595ZIT6, STM32U595ZIT6Q, STM32U595ZIY6QTR, STM32U595ZJT6, STM32U595ZJT6Q, STM32U595ZJY6QTR, STM32U599BJY6QTR, STM32U599NIH6Q, STM32U599NJH6Q, STM32U599VIT6Q, STM32U599VJT6, STM32U599VJT6Q, STM32U599ZIT6Q, STM32U599ZIY6QTR, STM32U599ZJT6Q, STM32U599ZJY6QTR, STM32U5A5AJH6, STM32U5A5AJH6Q, STM32U5A5QII3Q , STM32U5A5QJI6, STM32U5A5QJI6Q, STM32U5A5RJT6, STM32U5A5RJT6Q, STM32U5A5VJT6, STM32U5A5VJT6Q, STM32U5A5ZJT6, STM32U5A5ZJT6Q, STM32U5A5ZJY6QTR, STM32U5A9BJY6QTR, STM32U5A9J-DK, STM32U5A9NJH6Q, STM32U5A9VJT6Q, STM32U5A9ZJT6Q, STM32U5A9ZJY6QTR, STM32U5F7VIT6, STM32U5F7VIT6Q, STM32U5F7VJT6, STM32U5F7VJT6Q, STM32U5F9BJY6QTR, STM32U5F9NJH6Q, STM32U5F9VIT6Q, STM32U5F9VJT6Q, STM32U5F9ZIJ6QTR, STM32U5F9ZIT6Q, STM32U5F9ZJJ6QTR, STM32U5F9ZJT6Q, STM32U5G7VJT6, STM32U5G7VJT6Q, STM32U5G9BJY6QTR, STM32U5G9J-DK1, STM32U5G9J-DK2, STM32U5G9NJH6Q, STM32U5G9VJT6Q, STM32U5G9ZJJ6QTR, STM32U5G9ZJT6Q, STM32WB1MMCH6, STM32WBA50KEU6, STM32WBA50KEU6TR, STM32WBA50KGU6, STM32WBA50KGU6TR, STM32WBA52CEU6, STM32WBA52CEU6TR, STM32WBA52CEU7, STM32WBA52CEU7TR, STM32WBA52CGU6, STM32WBA52CGU6TR, STM32WBA52CGU6U, STM32WBA52CGU7, STM32WBA52CGU7TR, STM32WBA52KEU6, STM32WBA52KEU6TR, STM32WBA52KGU6, STM32WBA52KGU6TR, STM32WBA54CEU6, STM32WBA54CEU6TR, STM32WBA54CEU7, STM32WBA54CEU7TR, STM32WBA54CGU6, STM32WBA54CGU6TR, STM32WBA54CGU7, STM32WBA54CGU7TR, STM32WBA54KEU6, STM32WBA54KEU6TR, STM32WBA54KEU7, STM32WBA54KEU7TR, STM32WBA54KGU6, STM32WBA54KGU6TR, STM32WBA54KGU7, STM32WBA54KGU7TR, STM32WBA55CEU6, STM32WBA55CEU6TR, STM32WBA55CEU7, STM32WBA55CEU7TR, STM32WBA55CGU6, STM32WBA55CGU6TR, STM32WBA55CGU6U, STM32WBA55CGU7, STM32WBA55CGU7TR, STM32WBA55G-DK1, STM32WBA55HEF6, STM32WBA55HEF7, STM32WBA55HGF6, STM32WBA55HGF7, STM32WBA55UEI6, STM32WBA55UEI6TR, STM32WBA55UEI7, STM32WBA55UEI7TR, STM32WBA55UGI6, STM32WBA55UGI6TR, STM32WBA55UGI7, STM32WBA55UGI7TR, STM32WL5MOCH6, STM32WL5MOCH6TR]
2024-06-19 19:03:06,468 [INFO] DbMcus:218 - Found 4229 MCUs, 4229 are supported
2024-06-19 19:03:06,469 [INFO] ApiDb:423 - Load user favorites file C:\Users\Omar/.stm32cubeide/favorites.mcus.txt: 0 item(s)
2024-06-19 19:03:06,469 [INFO] ApiDb:427 - User favorites MCUs=[]
2024-06-19 19:03:06,469 [INFO] DbMcus:224 - Set 0 / 0 favorites MCUs
2024-06-19 19:03:07,018 [INFO] BoardInfo:889 - No configuration file found for board P-NUCLEO-WB55
2024-06-19 19:03:07,019 [INFO] DbBoards:161 - Kit is not supported: P-NUCLEO-WB55
2024-06-19 19:03:07,024 [INFO] BoardInfo:889 - No configuration file found for board STEVAL-BFA001V1B
2024-06-19 19:03:07,024 [INFO] DbBoards:161 - Kit is not supported: STEVAL-BFA001V1B
2024-06-19 19:03:07,025 [INFO] BoardInfo:889 - No configuration file found for board STEVAL-BFA001V2B
2024-06-19 19:03:07,025 [INFO] DbBoards:161 - Kit is not supported: STEVAL-BFA001V2B
2024-06-19 19:03:07,182 [INFO] DbBoards:168 - Found 195 boards, 192 are supported
2024-06-19 19:03:07,182 [INFO] DbBoards:169 - Found 195 boards, 8 of them is supported for  Bsp
2024-06-19 19:03:07,185 [INFO] ApiDb:423 - Load user favorites file C:\Users\Omar/.stm32cubeide/favorites.boards.txt: 0 item(s)
2024-06-19 19:03:07,185 [INFO] ApiDb:427 - User favorites Boards=[]
2024-06-19 19:03:07,186 [INFO] DbBoards:198 - Set 0 / 0 favorites Boards
2024-06-19 19:03:07,186 [INFO] McuFinderGlobals:76 - Set McuFinderConnectedMode to true
2024-06-19 19:03:07,191 [INFO] MultiScanPanel:200 - Auto-refresh data requested => check proxy status ongoing
2024-06-19 19:03:07,193 [INFO] FinderPluginLoader:95 - Searching for filters in installed packs
2024-06-19 19:03:10,266 [INFO] ServerAccessManage:473 - Download File 
2024-06-19 19:03:10,870 [INFO] LoadUrlFilesThread:185 - End of LoadServerUrlFiles without Thread
2024-06-19 19:03:10,887 [INFO] DetailPanel:341 - Set advertising image to C:/Users/Omar/STM32Cube/Repository/\en.Prom_NBSTM32U50921.jpg
2024-06-19 19:03:11,724 [INFO] ToolPreferences:110 - Table McuList, key=mcufinder_cubeide.mculist: column name not found=IO
2024-06-19 19:03:11,724 [INFO] ToolPreferences:110 - Table McuList, key=mcufinder_cubeide.mculist: column name not found=Freq.
2024-06-19 19:05:00,195 [INFO] MainUpdater:2873 - connection check result : 10
2024-06-19 19:05:00,195 [INFO] MainUpdater:2873 - connection check result : 10
2024-06-19 19:05:00,218 [INFO] MicroXplorer:468 - Change Database Path : 
2024-06-19 19:05:00,219 [INFO] MicroXplorer:498 - Change Database Version : DB.6.0.111
2024-06-19 19:05:00,228 [WARN] ThirdParty:871 - waiting for thirdparty lock release [close project]
2024-06-19 19:05:00,228 [INFO] ThirdParty:873 - entering critical section [close project]
2024-06-19 19:05:00,232 [INFO] ThirdParty:883 - exiting critical section [close project]
2024-06-19 19:05:00,237 [INFO] PinOutPanel:1561 - setPackage(No Configuration,No Configuration)
2024-06-19 19:05:00,249 [INFO] UtilMem:75 - Begin LoadConfig() Used Memory: 487587840 Bytes (675282944)
2024-06-19 19:05:00,251 [INFO] MicroXplorer:468 - Change Database Path : 
2024-06-19 19:05:00,251 [INFO] MicroXplorer:498 - Change Database Version : DB.6.0.111
2024-06-19 19:05:00,251 [INFO] OpenFileManager:312 - Change cursor
2024-06-19 19:05:00,312 [INFO] Mcu:2021 - Initializing MCU STM32F103C8Tx STM32F103C8Tx STM32F103C8T6
2024-06-19 19:05:01,219 [INFO] Context:663 - Trying to add GPIOservice into a context  which must be forbidden
2024-06-19 19:05:01,485 [INFO] ImportTextPane:194 - (OptionalMessage_ERROR) Unable to find key (Mcu.ThirdPartyNb) in loaded IOC file
2024-06-19 19:05:01,485 [INFO] ImportTextPane:194 - (OptionalMessage_ERROR) Unable to find key (Mcu.PinsNb) in loaded IOC file
2024-06-19 19:05:01,485 [INFO] ImportTextPane:194 - (OptionalMessage_ERROR) Unable to find key (Mcu.IPNb) in loaded IOC file
2024-06-19 19:05:01,550 [INFO] RtosManager:555 - Registered RTOS mode: class=CMSIS, group=RTOS, mode=CMSIS_V1, owner=FREERTOS
2024-06-19 19:05:01,550 [INFO] RtosManager:555 - Registered RTOS mode: class=CMSIS, group=RTOS2, mode=CMSIS_V2, owner=FREERTOS
2024-06-19 19:05:01,550 [INFO] RtosManager:555 - Registered RTOS mode: class=RTOS, group=Core, mode=CMSIS_V1, owner=FREERTOS
2024-06-19 19:05:01,550 [INFO] RtosManager:555 - Registered RTOS mode: class=RTOS, group=Core, mode=CMSIS_V2, owner=FREERTOS
2024-06-19 19:05:01,551 [WARN] ModelIntegratedComponent:184 - Missing modes for component STMicroelectronics:FreeRTOS:0.0.1:STMicroelectronics:RTOS:FreeRTOS:Core:::10.2.0:
2024-06-19 19:05:01,554 [WARN] ModelIntegratedComponent:63 - No mode defined for component null
2024-06-19 19:05:01,554 [WARN] ModelIntegratedComponent:63 - No mode defined for component null
2024-06-19 19:05:01,554 [WARN] ModelIntegratedComponent:63 - No mode defined for component null
2024-06-19 19:05:01,554 [WARN] ModelIntegratedComponent:63 - No mode defined for component null
2024-06-19 19:05:01,554 [WARN] ModelIntegratedComponent:63 - No mode defined for component null
2024-06-19 19:05:01,554 [WARN] ModelIntegratedComponent:63 - No mode defined for component null
2024-06-19 19:05:01,555 [WARN] ModelIntegratedComponent:63 - No mode defined for component null
2024-06-19 19:05:01,555 [WARN] ModelIntegratedComponent:63 - No mode defined for component null
2024-06-19 19:05:01,555 [WARN] ModelIntegratedComponent:63 - No mode defined for component null
2024-06-19 19:05:01,555 [WARN] ModelIntegratedComponent:63 - No mode defined for component null
2024-06-19 19:05:01,555 [WARN] ModelIntegratedComponent:63 - No mode defined for component null
2024-06-19 19:05:01,555 [WARN] ModelIntegratedComponent:63 - No mode defined for component null
2024-06-19 19:05:01,555 [WARN] ModelIntegratedComponent:63 - No mode defined for component null
2024-06-19 19:05:01,555 [WARN] ModelIntegratedComponent:63 - No mode defined for component null
2024-06-19 19:05:01,555 [WARN] ModelIntegratedComponent:63 - No mode defined for component null
2024-06-19 19:05:01,555 [WARN] ModelIntegratedComponent:63 - No mode defined for component null
2024-06-19 19:05:01,555 [WARN] ModelIntegratedComponent:63 - No mode defined for component null
2024-06-19 19:05:01,556 [WARN] ModelIntegratedComponent:63 - No mode defined for component null
2024-06-19 19:05:01,556 [WARN] ModelIntegratedComponent:63 - No mode defined for component null
2024-06-19 19:05:01,556 [WARN] ModelIntegratedComponent:63 - No mode defined for component null
2024-06-19 19:05:01,556 [WARN] ModelIntegratedComponent:63 - No mode defined for component null
2024-06-19 19:05:01,556 [WARN] ModelIntegratedComponent:63 - No mode defined for component null
2024-06-19 19:05:01,556 [WARN] ModelIntegratedComponent:63 - No mode defined for component null
2024-06-19 19:05:01,556 [WARN] ModelIntegratedComponent:63 - No mode defined for component null
2024-06-19 19:05:01,556 [WARN] ModelIntegratedComponent:63 - No mode defined for component null
2024-06-19 19:05:01,556 [WARN] ModelIntegratedComponent:63 - No mode defined for component null
2024-06-19 19:05:01,556 [WARN] ModelIntegratedComponent:63 - No mode defined for component null
2024-06-19 19:05:01,556 [WARN] ModelIntegratedComponent:63 - No mode defined for component null
2024-06-19 19:05:01,556 [WARN] ModelIntegratedComponent:63 - No mode defined for component null
2024-06-19 19:05:01,557 [WARN] ModelIntegratedComponent:63 - No mode defined for component null
2024-06-19 19:05:01,557 [WARN] ModelIntegratedComponent:63 - No mode defined for component null
2024-06-19 19:05:01,557 [WARN] ModelIntegratedComponent:63 - No mode defined for component null
2024-06-19 19:05:01,557 [WARN] ModelIntegratedComponent:63 - No mode defined for component null
2024-06-19 19:05:01,557 [WARN] ModelIntegratedComponent:63 - No mode defined for component null
2024-06-19 19:05:01,565 [INFO] ThirdPartyModel:298 - Start build external matchings
2024-06-19 19:05:01,567 [INFO] ThirdPartyModel:316 - End build external matchings
2024-06-19 19:05:01,786 [INFO] UtilMem:75 - End LoadConfig() Used Memory: 180960584 Bytes (675282944)
2024-06-19 19:05:01,823 [WARN] ThirdParty:833 - waiting for thirdparty lock release [change project]
2024-06-19 19:05:01,823 [INFO] ThirdParty:835 - entering critical section [change project]
2024-06-19 19:05:01,824 [INFO] ThirdParty:1030 - CMSIS Pack Vendor :STMicroelectronics USBPD 4.1
2024-06-19 19:05:01,824 [INFO] ThirdParty:1030 - CMSIS Pack Vendor :STMicroelectronics ThreadX 1.0.0
2024-06-19 19:05:01,824 [INFO] ThirdParty:1030 - CMSIS Pack Vendor :STMicroelectronics USB_HOST 2.0.0
2024-06-19 19:05:01,824 [INFO] ThirdParty:1030 - CMSIS Pack Vendor :STMicroelectronics LIBJPEG 8.0.0
2024-06-19 19:05:01,824 [INFO] ThirdParty:1030 - CMSIS Pack Vendor :STMicroelectronics FreeRTOS 0.0.1
2024-06-19 19:05:01,824 [INFO] ThirdParty:1030 - CMSIS Pack Vendor :STMicroelectronics USB_DEVICE 1.0.0
2024-06-19 19:05:01,824 [INFO] ThirdParty:1030 - CMSIS Pack Vendor :STMicroelectronics STM32_WPAN 1.0.0
2024-06-19 19:05:01,824 [INFO] ThirdParty:1030 - CMSIS Pack Vendor :STMicroelectronics USB_DEVICE 3.0.0
2024-06-19 19:05:01,824 [INFO] ThirdParty:1030 - CMSIS Pack Vendor :STMicroelectronics HAL Drivers 0.0.0
2024-06-19 19:05:01,824 [INFO] ThirdParty:1030 - CMSIS Pack Vendor :STMicroelectronics MBEDTLS 2.16.2
2024-06-19 19:05:01,825 [INFO] ThirdParty:1030 - CMSIS Pack Vendor :STMicroelectronics ThreadX 0.0.2
2024-06-19 19:05:01,825 [INFO] ThirdParty:1030 - CMSIS Pack Vendor :STMicroelectronics lwIP 2.0.3
2024-06-19 19:05:01,825 [INFO] ThirdParty:1030 - CMSIS Pack Vendor :STMicroelectronics lwIP 2.1.2
2024-06-19 19:05:01,825 [INFO] ThirdParty:1030 - CMSIS Pack Vendor :STMicroelectronics MBEDTLS 2.14.1
2024-06-19 19:05:01,825 [INFO] ThirdParty:1030 - CMSIS Pack Vendor :STMicroelectronics USB_HOST 1.0.0
2024-06-19 19:05:01,825 [INFO] ThirdParty:1030 - CMSIS Pack Vendor :STMicroelectronics PDM2PCM 3.1.0
2024-06-19 19:05:01,825 [INFO] ThirdParty:1030 - CMSIS Pack Vendor :STMicroelectronics PDM2PCM 3.2.0
2024-06-19 19:05:01,825 [INFO] ThirdParty:1030 - CMSIS Pack Vendor :STMicroelectronics USB_DEVICE 2.0.0
2024-06-19 19:05:01,825 [INFO] ThirdParty:1030 - CMSIS Pack Vendor :STMicroelectronics PDM2PCM 3.3.0
2024-06-19 19:05:01,826 [INFO] ThirdParty:841 - exiting critical section [change project]
2024-06-19 19:05:02,099 [INFO] PinOutPanel:1561 - setPackage(No Configuration,No Configuration)
2024-06-19 19:05:02,101 [INFO] PinOutPanel:1561 - setPackage(STM32F103C8Tx,LQFP48)
2024-06-19 19:05:02,528 [INFO] UtilMem:75 - Before build in PCC Used Memory: 277737992 Bytes (608174080)
2024-06-19 19:05:03,286 [INFO] UtilMem:75 - After build in PCC Used Memory: 343271944 Bytes (608174080)
2024-06-19 19:05:03,311 [INFO] IPUIPlugin:80 - create IPUIPlugin
2024-06-19 19:05:03,311 [INFO] IPUIPlugin:80 - create IPUIPlugin
2024-06-19 19:05:03,311 [INFO] IPUIPlugin:80 - create IPUIPlugin
2024-06-19 19:05:03,311 [INFO] IPUIPlugin:80 - create IPUIPlugin
2024-06-19 19:05:03,311 [INFO] IPUIPlugin:80 - create IPUIPlugin
2024-06-19 19:05:03,312 [INFO] IPUIPlugin:80 - create IPUIPlugin
2024-06-19 19:05:03,312 [INFO] IPUIPlugin:80 - create IPUIPlugin
2024-06-19 19:05:03,312 [INFO] IPUIPlugin:80 - create IPUIPlugin
2024-06-19 19:05:03,312 [INFO] IPUIPlugin:80 - create IPUIPlugin
2024-06-19 19:05:03,313 [INFO] IPUIPlugin:80 - create IPUIPlugin
2024-06-19 19:05:03,313 [INFO] IPUIPlugin:80 - create IPUIPlugin
2024-06-19 19:05:03,313 [INFO] IPUIPlugin:80 - create IPUIPlugin
2024-06-19 19:05:03,315 [INFO] IPUIPlugin:80 - create IPUIPlugin
2024-06-19 19:05:03,315 [INFO] IPUIPlugin:80 - create IPUIPlugin
2024-06-19 19:05:03,315 [INFO] IPUIPlugin:80 - create IPUIPlugin
2024-06-19 19:05:03,315 [INFO] IPUIPlugin:80 - create IPUIPlugin
2024-06-19 19:05:03,315 [INFO] IPUIPlugin:80 - create IPUIPlugin
2024-06-19 19:05:03,315 [INFO] IPUIPlugin:80 - create IPUIPlugin
2024-06-19 19:05:03,316 [INFO] IPUIPlugin:80 - create IPUIPlugin
2024-06-19 19:05:03,316 [INFO] IPUIPlugin:80 - create IPUIPlugin
2024-06-19 19:05:03,316 [INFO] IPUIPlugin:80 - create IPUIPlugin
2024-06-19 19:05:03,317 [INFO] IPUIPlugin:80 - create IPUIPlugin
2024-06-19 19:05:03,317 [INFO] IPUIPlugin:80 - create IPUIPlugin
2024-06-19 19:05:03,317 [INFO] IPUIPlugin:80 - create IPUIPlugin
2024-06-19 19:05:03,318 [INFO] IPUIPlugin:80 - create IPUIPlugin
2024-06-19 19:05:03,318 [INFO] IPUIPlugin:80 - create IPUIPlugin
2024-06-19 19:05:03,318 [INFO] IPUIPlugin:80 - create IPUIPlugin
2024-06-19 19:05:03,535 [INFO] CADModel:165 - CPN selected for project levelSTM32F103C8T6
2024-06-19 19:05:03,535 [INFO] CADModel:114 - Register for checkConnection events
2024-06-19 19:05:03,580 [INFO] OpenFileManager:343 - Restore cursor
2024-06-19 19:05:04,190 [INFO] UtilMem:75 - End SaveConfig() Used Memory: 416866576 Bytes (608174080)
2024-06-19 19:05:34,072 [INFO] McuFinderGlobals:76 - Set McuFinderConnectedMode to true
2024-06-19 19:05:34,076 [INFO] ApiDb:448 - Save user favorites file C:\Users\Omar/.stm32cubeide/favorites.mcus.txt: 0 item(s)
2024-06-19 19:05:34,076 [INFO] ApiDb:452 - User favorites MCUs=[]
2024-06-19 19:05:45,589 [INFO] McuFinderGlobals:63 - Set McuFinder mode to 2 (CubeIDE integrated)
2024-06-19 19:05:45,589 [INFO] UserAuth:179 - activating auth plugin
2024-06-19 19:05:45,592 [INFO] UserAuth:415 - Internet connection configuration mode: 1
2024-06-19 19:06:19,507 [INFO] WebApp:609 - userauth.ini created with success
2024-06-19 19:06:27,052 [INFO] MainUpdater:2873 - connection check result : 10
2024-06-19 19:06:27,053 [INFO] MainUpdater:2873 - connection check result : 10
2024-06-19 19:06:27,961 [INFO] MicroXplorer:468 - Change Database Path : 
2024-06-19 19:06:27,961 [INFO] MicroXplorer:498 - Change Database Version : DB.6.0.111
2024-06-19 19:06:27,973 [ERROR] ProjectManagerView:394 - 
java.lang.NullPointerException: Cannot invoke "javax.swing.JTextField.getText()" because the return value of "java.util.List.get(int)" is null
	at com.st.microxplorer.plugins.projectmanager.gui.ProjectChoiceTab$10.caretUpdate(ProjectChoiceTab.java:2504) ~[filemanager.jar:?]
	at javax.swing.text.JTextComponent.fireCaretUpdate(JTextComponent.java:412) ~[?:?]
	at javax.swing.text.JTextComponent$MutableCaretEvent.fire(JTextComponent.java:4491) ~[?:?]
	at javax.swing.text.JTextComponent$MutableCaretEvent.stateChanged(JTextComponent.java:4513) ~[?:?]
	at javax.swing.text.DefaultCaret.fireStateChanged(DefaultCaret.java:842) ~[?:?]
	at javax.swing.text.DefaultCaret.changeCaretPosition(DefaultCaret.java:1313) ~[?:?]
	at javax.swing.text.DefaultCaret.handleSetDot(DefaultCaret.java:1212) ~[?:?]
	at javax.swing.text.DefaultCaret.setDot(DefaultCaret.java:1193) ~[?:?]
	at javax.swing.text.DefaultCaret$Handler.insertUpdate(DefaultCaret.java:1789) ~[?:?]
	at javax.swing.text.AbstractDocument.fireInsertUpdate(AbstractDocument.java:226) ~[?:?]
	at javax.swing.text.AbstractDocument.handleInsertString(AbstractDocument.java:780) ~[?:?]
	at javax.swing.text.AbstractDocument.insertString(AbstractDocument.java:739) ~[?:?]
	at javax.swing.text.PlainDocument.insertString(PlainDocument.java:131) ~[?:?]
	at javax.swing.text.AbstractDocument.replace(AbstractDocument.java:698) ~[?:?]
	at javax.swing.text.JTextComponent.setText(JTextComponent.java:1729) ~[?:?]
	at com.st.microxplorer.plugins.projectmanager.gui.ProjectChoiceTab.createHeapStackFields(ProjectChoiceTab.java:944) ~[filemanager.jar:?]
	at com.st.microxplorer.plugins.projectmanager.gui.ProjectChoiceTab.buildLinkSettingsPanel(ProjectChoiceTab.java:3475) ~[filemanager.jar:?]
	at com.st.microxplorer.plugins.projectmanager.gui.ProjectChoiceTab.defineWindowsFields(ProjectChoiceTab.java:1816) ~[filemanager.jar:?]
	at com.st.microxplorer.plugins.projectmanager.gui.ProjectChoiceTab.updateSettings(ProjectChoiceTab.java:544) ~[filemanager.jar:?]
	at com.st.microxplorer.plugins.projectmanager.gui.ProjectSettingsPanel.UpdateDialog(ProjectSettingsPanel.java:245) ~[filemanager.jar:?]
	at com.st.microxplorer.plugins.projectmanager.ProjectManagerView.propertyChange(ProjectManagerView.java:391) ~[filemanager.jar:?]
	at java.beans.PropertyChangeSupport.fire(PropertyChangeSupport.java:343) ~[?:?]
	at java.beans.PropertyChangeSupport.firePropertyChange(PropertyChangeSupport.java:335) ~[?:?]
	at java.beans.PropertyChangeSupport.firePropertyChange(PropertyChangeSupport.java:268) ~[?:?]
	at com.st.microxplorer.util.MXPropertyChangeSupport.firePropertyChange(MXPropertyChangeSupport.java:54) ~[STM32CubeMX.jar:?]
	at com.st.microxplorer.mxsystem.MxSystem.closeConfig(MxSystem.java:900) ~[STM32CubeMX.jar:?]
	at com.st.microxplorer.maingui.MainPanel.closeConfig(MainPanel.java:776) ~[STM32CubeMX.jar:?]
	at com.st.microxplorer.plugins.filemanager.engine.OpenFileManager.loadConfigurationFile(OpenFileManager.java:245) ~[filemanager.jar:?]
	at com.st.microxplorer.plugins.filemanager.engine.MainFileManager.userLoadConfig(MainFileManager.java:315) ~[filemanager.jar:?]
	at com.st.microxplorer.plugins.filemanager.engine.MainFileManager.userLoadConfig(MainFileManager.java:293) ~[filemanager.jar:?]
	at com.st.microxplorer.plugins.filemanager.FileManagerView.getSpecificTask(FileManagerView.java:247) ~[filemanager.jar:?]
	at com.st.stm32cube.common.mx.editor.CubeMxEditor.getMxTabbedPaneInstance(CubeMxEditor.java:1198) ~[com.st.stm32cube.common.mx_6.11.1.202404110753/:?]
	at com.st.stm32cube.common.mx.editor.CubeMxEditor$12$1.createSwingComponent(CubeMxEditor.java:1068) ~[com.st.stm32cube.common.mx_6.11.1.202404110753/:?]
	at com.st.stm32cube.common.mx.oss.core.awtswtbridge.EmbeddedSwingComposite.doComponentCreation(EmbeddedSwingComposite.java:492) ~[com.st.stm32cube.common.mx.oss_6.11.1.202404110753/:?]
	at com.st.stm32cube.common.mx.oss.core.awtswtbridge.EmbeddedSwingComposite$4.run(EmbeddedSwingComposite.java:291) ~[com.st.stm32cube.common.mx.oss_6.11.1.202404110753/:?]
	at com.st.stm32cube.common.mx.oss.core.awtswtbridge.AwtEnvironment$2.run(AwtEnvironment.java:166) ~[com.st.stm32cube.common.mx.oss_6.11.1.202404110753/:?]
	at java.awt.event.InvocationEvent.dispatch(InvocationEvent.java:318) ~[?:?]
	at java.awt.EventQueue.dispatchEventImpl(EventQueue.java:773) ~[?:?]
	at java.awt.EventQueue$4.run(EventQueue.java:720) ~[?:?]
	at java.awt.EventQueue$4.run(EventQueue.java:714) ~[?:?]
	at java.security.AccessController.doPrivileged(AccessController.java:399) ~[?:?]
	at java.security.ProtectionDomain$JavaSecurityAccessImpl.doIntersectionPrivilege(ProtectionDomain.java:86) ~[?:?]
	at java.awt.EventQueue.dispatchEvent(EventQueue.java:742) ~[?:?]
	at java.awt.EventDispatchThread.pumpOneEventForFilters(EventDispatchThread.java:203) ~[?:?]
	at java.awt.EventDispatchThread.pumpEventsForFilter(EventDispatchThread.java:124) ~[?:?]
	at java.awt.EventDispatchThread.pumpEventsForHierarchy(EventDispatchThread.java:113) ~[?:?]
	at java.awt.EventDispatchThread.pumpEvents(EventDispatchThread.java:109) ~[?:?]
	at java.awt.EventDispatchThread.pumpEvents(EventDispatchThread.java:101) ~[?:?]
	at java.awt.EventDispatchThread.run(EventDispatchThread.java:90) ~[?:?]
2024-06-19 19:06:27,989 [WARN] ThirdParty:871 - waiting for thirdparty lock release [close project]
2024-06-19 19:06:27,990 [INFO] ThirdParty:873 - entering critical section [close project]
2024-06-19 19:06:27,990 [INFO] ThirdParty:883 - exiting critical section [close project]
2024-06-19 19:06:27,991 [INFO] PinOutPanel:1561 - setPackage(No Configuration,No Configuration)
2024-06-19 19:06:28,001 [INFO] UtilMem:75 - Begin LoadConfig() Used Memory: 219613256 Bytes (482344960)
2024-06-19 19:06:28,002 [INFO] MicroXplorer:468 - Change Database Path : 
2024-06-19 19:06:28,002 [INFO] MicroXplorer:498 - Change Database Version : DB.6.0.111
2024-06-19 19:06:28,002 [INFO] OpenFileManager:312 - Change cursor
2024-06-19 19:06:28,015 [INFO] RulesReader:64 - Compatibility file has been processed (297 Rules)
2024-06-19 19:06:28,018 [INFO] Mcu:2021 - Initializing MCU STM32F103C(8-B)Tx STM32F103C8Tx STM32F103C8T6
2024-06-19 19:06:28,553 [INFO] Context:663 - Trying to add GPIOservice into a context  which must be forbidden
2024-06-19 19:06:28,692 [INFO] RtosManager:555 - Registered RTOS mode: class=CMSIS, group=RTOS, mode=CMSIS_V1, owner=FREERTOS
2024-06-19 19:06:28,692 [INFO] RtosManager:555 - Registered RTOS mode: class=CMSIS, group=RTOS2, mode=CMSIS_V2, owner=FREERTOS
2024-06-19 19:06:28,692 [INFO] RtosManager:555 - Registered RTOS mode: class=RTOS, group=Core, mode=CMSIS_V1, owner=FREERTOS
2024-06-19 19:06:28,692 [INFO] RtosManager:555 - Registered RTOS mode: class=RTOS, group=Core, mode=CMSIS_V2, owner=FREERTOS
2024-06-19 19:06:28,692 [WARN] ModelIntegratedComponent:184 - Missing modes for component STMicroelectronics:FreeRTOS:0.0.1:STMicroelectronics:RTOS:FreeRTOS:Core:::10.2.0:
2024-06-19 19:06:28,692 [WARN] ModelIntegratedComponent:63 - No mode defined for component null
2024-06-19 19:06:28,692 [WARN] ModelIntegratedComponent:63 - No mode defined for component null
2024-06-19 19:06:28,692 [WARN] ModelIntegratedComponent:63 - No mode defined for component null
2024-06-19 19:06:28,693 [WARN] ModelIntegratedComponent:63 - No mode defined for component null
2024-06-19 19:06:28,693 [WARN] ModelIntegratedComponent:63 - No mode defined for component null
2024-06-19 19:06:28,693 [WARN] ModelIntegratedComponent:63 - No mode defined for component null
2024-06-19 19:06:28,693 [WARN] ModelIntegratedComponent:63 - No mode defined for component null
2024-06-19 19:06:28,693 [WARN] ModelIntegratedComponent:63 - No mode defined for component null
2024-06-19 19:06:28,693 [WARN] ModelIntegratedComponent:63 - No mode defined for component null
2024-06-19 19:06:28,693 [WARN] ModelIntegratedComponent:63 - No mode defined for component null
2024-06-19 19:06:28,693 [WARN] ModelIntegratedComponent:63 - No mode defined for component null
2024-06-19 19:06:28,693 [WARN] ModelIntegratedComponent:63 - No mode defined for component null
2024-06-19 19:06:28,693 [WARN] ModelIntegratedComponent:63 - No mode defined for component null
2024-06-19 19:06:28,693 [WARN] ModelIntegratedComponent:63 - No mode defined for component null
2024-06-19 19:06:28,693 [WARN] ModelIntegratedComponent:63 - No mode defined for component null
2024-06-19 19:06:28,693 [WARN] ModelIntegratedComponent:63 - No mode defined for component null
2024-06-19 19:06:28,693 [WARN] ModelIntegratedComponent:63 - No mode defined for component null
2024-06-19 19:06:28,693 [WARN] ModelIntegratedComponent:63 - No mode defined for component null
2024-06-19 19:06:28,693 [WARN] ModelIntegratedComponent:63 - No mode defined for component null
2024-06-19 19:06:28,693 [WARN] ModelIntegratedComponent:63 - No mode defined for component null
2024-06-19 19:06:28,693 [WARN] ModelIntegratedComponent:63 - No mode defined for component null
2024-06-19 19:06:28,694 [WARN] ModelIntegratedComponent:63 - No mode defined for component null
2024-06-19 19:06:28,694 [WARN] ModelIntegratedComponent:63 - No mode defined for component null
2024-06-19 19:06:28,694 [WARN] ModelIntegratedComponent:63 - No mode defined for component null
2024-06-19 19:06:28,694 [WARN] ModelIntegratedComponent:63 - No mode defined for component null
2024-06-19 19:06:28,694 [WARN] ModelIntegratedComponent:63 - No mode defined for component null
2024-06-19 19:06:28,694 [WARN] ModelIntegratedComponent:63 - No mode defined for component null
2024-06-19 19:06:28,694 [WARN] ModelIntegratedComponent:63 - No mode defined for component null
2024-06-19 19:06:28,694 [WARN] ModelIntegratedComponent:63 - No mode defined for component null
2024-06-19 19:06:28,694 [WARN] ModelIntegratedComponent:63 - No mode defined for component null
2024-06-19 19:06:28,694 [WARN] ModelIntegratedComponent:63 - No mode defined for component null
2024-06-19 19:06:28,694 [WARN] ModelIntegratedComponent:63 - No mode defined for component null
2024-06-19 19:06:28,694 [WARN] ModelIntegratedComponent:63 - No mode defined for component null
2024-06-19 19:06:28,694 [WARN] ModelIntegratedComponent:63 - No mode defined for component null
2024-06-19 19:06:28,697 [INFO] ThirdPartyModel:298 - Start build external matchings
2024-06-19 19:06:28,697 [INFO] ThirdPartyModel:316 - End build external matchings
2024-06-19 19:06:28,869 [INFO] UtilMem:75 - End LoadConfig() Used Memory: 375760744 Bytes (482344960)
2024-06-19 19:06:28,916 [WARN] ThirdParty:833 - waiting for thirdparty lock release [change project]
2024-06-19 19:06:28,916 [INFO] ThirdParty:835 - entering critical section [change project]
2024-06-19 19:06:28,916 [INFO] ThirdParty:1030 - CMSIS Pack Vendor :STMicroelectronics USBPD 4.1
2024-06-19 19:06:28,916 [INFO] ThirdParty:1030 - CMSIS Pack Vendor :STMicroelectronics ThreadX 1.0.0
2024-06-19 19:06:28,916 [INFO] ThirdParty:1030 - CMSIS Pack Vendor :STMicroelectronics USB_HOST 2.0.0
2024-06-19 19:06:28,917 [INFO] ThirdParty:1030 - CMSIS Pack Vendor :STMicroelectronics LIBJPEG 8.0.0
2024-06-19 19:06:28,917 [INFO] ThirdParty:1030 - CMSIS Pack Vendor :STMicroelectronics FreeRTOS 0.0.1
2024-06-19 19:06:28,917 [INFO] ThirdParty:1030 - CMSIS Pack Vendor :STMicroelectronics USB_DEVICE 1.0.0
2024-06-19 19:06:28,917 [INFO] ThirdParty:1030 - CMSIS Pack Vendor :STMicroelectronics STM32_WPAN 1.0.0
2024-06-19 19:06:28,917 [INFO] ThirdParty:1030 - CMSIS Pack Vendor :STMicroelectronics USB_DEVICE 3.0.0
2024-06-19 19:06:28,917 [INFO] ThirdParty:1030 - CMSIS Pack Vendor :STMicroelectronics HAL Drivers 0.0.0
2024-06-19 19:06:28,917 [INFO] ThirdParty:1030 - CMSIS Pack Vendor :STMicroelectronics MBEDTLS 2.16.2
2024-06-19 19:06:28,917 [INFO] ThirdParty:1030 - CMSIS Pack Vendor :STMicroelectronics ThreadX 0.0.2
2024-06-19 19:06:28,917 [INFO] ThirdParty:1030 - CMSIS Pack Vendor :STMicroelectronics lwIP 2.0.3
2024-06-19 19:06:28,917 [INFO] ThirdParty:1030 - CMSIS Pack Vendor :STMicroelectronics lwIP 2.1.2
2024-06-19 19:06:28,917 [INFO] ThirdParty:1030 - CMSIS Pack Vendor :STMicroelectronics MBEDTLS 2.14.1
2024-06-19 19:06:28,917 [INFO] ThirdParty:1030 - CMSIS Pack Vendor :STMicroelectronics USB_HOST 1.0.0
2024-06-19 19:06:28,917 [INFO] ThirdParty:1030 - CMSIS Pack Vendor :STMicroelectronics PDM2PCM 3.1.0
2024-06-19 19:06:28,917 [INFO] ThirdParty:1030 - CMSIS Pack Vendor :STMicroelectronics PDM2PCM 3.2.0
2024-06-19 19:06:28,917 [INFO] ThirdParty:1030 - CMSIS Pack Vendor :STMicroelectronics USB_DEVICE 2.0.0
2024-06-19 19:06:28,917 [INFO] ThirdParty:1030 - CMSIS Pack Vendor :STMicroelectronics PDM2PCM 3.3.0
2024-06-19 19:06:28,918 [INFO] ThirdParty:841 - exiting critical section [change project]
2024-06-19 19:06:29,052 [INFO] PinOutPanel:1561 - setPackage(No Configuration,No Configuration)
2024-06-19 19:06:29,053 [INFO] PinOutPanel:1561 - setPackage(STM32F103C8Tx,LQFP48)
2024-06-19 19:06:29,215 [INFO] UtilMem:75 - Before build in PCC Used Memory: 161242864 Bytes (482344960)
2024-06-19 19:06:29,423 [INFO] UtilMem:75 - After build in PCC Used Memory: 202659568 Bytes (482344960)
2024-06-19 19:06:29,440 [INFO] IPUIPlugin:80 - create IPUIPlugin
2024-06-19 19:06:29,441 [INFO] IPUIPlugin:80 - create IPUIPlugin
2024-06-19 19:06:29,441 [INFO] IPUIPlugin:80 - create IPUIPlugin
2024-06-19 19:06:29,441 [INFO] IPUIPlugin:80 - create IPUIPlugin
2024-06-19 19:06:29,441 [INFO] IPUIPlugin:80 - create IPUIPlugin
2024-06-19 19:06:29,441 [INFO] IPUIPlugin:80 - create IPUIPlugin
2024-06-19 19:06:29,441 [INFO] IPUIPlugin:80 - create IPUIPlugin
2024-06-19 19:06:29,441 [INFO] IPUIPlugin:80 - create IPUIPlugin
2024-06-19 19:06:29,441 [INFO] IPUIPlugin:80 - create IPUIPlugin
2024-06-19 19:06:29,442 [INFO] IPUIPlugin:80 - create IPUIPlugin
2024-06-19 19:06:29,442 [INFO] IPUIPlugin:80 - create IPUIPlugin
2024-06-19 19:06:29,442 [INFO] IPUIPlugin:80 - create IPUIPlugin
2024-06-19 19:06:29,442 [INFO] IPUIPlugin:80 - create IPUIPlugin
2024-06-19 19:06:29,442 [INFO] IPUIPlugin:80 - create IPUIPlugin
2024-06-19 19:06:29,442 [INFO] IPUIPlugin:80 - create IPUIPlugin
2024-06-19 19:06:29,442 [INFO] IPUIPlugin:80 - create IPUIPlugin
2024-06-19 19:06:29,442 [INFO] IPUIPlugin:80 - create IPUIPlugin
2024-06-19 19:06:29,443 [INFO] IPUIPlugin:80 - create IPUIPlugin
2024-06-19 19:06:29,443 [INFO] IPUIPlugin:80 - create IPUIPlugin
2024-06-19 19:06:29,443 [INFO] IPUIPlugin:80 - create IPUIPlugin
2024-06-19 19:06:29,443 [INFO] IPUIPlugin:80 - create IPUIPlugin
2024-06-19 19:06:29,443 [INFO] IPUIPlugin:80 - create IPUIPlugin
2024-06-19 19:06:29,444 [INFO] IPUIPlugin:80 - create IPUIPlugin
2024-06-19 19:06:29,444 [INFO] IPUIPlugin:80 - create IPUIPlugin
2024-06-19 19:06:29,444 [INFO] IPUIPlugin:80 - create IPUIPlugin
2024-06-19 19:06:29,444 [INFO] IPUIPlugin:80 - create IPUIPlugin
2024-06-19 19:06:29,445 [INFO] IPUIPlugin:80 - create IPUIPlugin
2024-06-19 19:06:29,472 [INFO] CADModel:165 - CPN selected for project levelSTM32F103C8T6
2024-06-19 19:06:29,472 [INFO] CADModel:114 - Register for checkConnection events
2024-06-19 19:06:29,524 [INFO] OpenFileManager:343 - Restore cursor
2024-06-19 19:06:53,352 [INFO] Can:71 - Can Add PropertyChangeListener com.st.microxplorer.plugins.ip.can.Can@34b79046
2024-06-19 19:07:44,198 [INFO] NvicIntPanel:101 - NVIC parent = com.st.microxplorer.plugins.ip.nvic.MultiNvicIntPanel[,0,0,0x0,invalid,layout=javax.swing.BoxLayout,alignmentX=0.0,alignmentY=0.0,border=,flags=9,maximumSize=,minimumSize=,preferredSize=]
2024-06-19 19:07:44,267 [INFO] NvicIntPanel:101 - NVIC parent = com.st.microxplorer.plugins.ip.nvic.MultiNvicIntPanel[,0,0,0x0,invalid,layout=javax.swing.BoxLayout,alignmentX=0.0,alignmentY=0.0,border=,flags=9,maximumSize=,minimumSize=,preferredSize=]
2024-06-19 19:08:12,104 [INFO] UtilMem:75 - End SaveConfig() Used Memory: 239528344 Bytes (482344960)
2024-06-19 19:08:14,213 [INFO] UtilMem:75 - End SaveConfig() Used Memory: 255915344 Bytes (482344960)
2024-06-19 19:08:19,131 [ERROR] FileExtend:455 - File entry not found
2024-06-19 19:08:19,131 [INFO] FileExtend:240 - Unzip File : stm32cube_fw_f1_v180.zip
2024-06-19 19:08:19,131 [INFO] FileExtend:255 - Standard Zip Deflate
2024-06-19 19:08:26,767 [INFO] ServerAccessManage:473 - Download File stm32cube_fw_f1_v185.zip
2024-06-19 19:15:45,659 [INFO] FileExtend:240 - Unzip File : stm32cube_fw_f1_v185.zip
2024-06-19 19:15:45,659 [INFO] FileExtend:255 - Standard Zip Deflate
2024-06-19 19:15:48,926 [INFO] LoadServerPackagesThread:196 - End of LoadServerPackages Thread
2024-06-19 19:15:49,060 [INFO] ThirdPartyModel:298 - Start build external matchings
2024-06-19 19:15:49,061 [INFO] ThirdPartyModel:316 - End build external matchings
2024-06-19 19:15:49,061 [INFO] CheckServerUpdateThread:120 - End of CheckServer Thread
2024-06-19 19:15:49,065 [INFO] UtilMem:75 - End SaveConfig() Used Memory: 348262360 Bytes (652214272)
2024-06-19 19:15:49,611 [INFO] BlockDiagram:2759 - set Specific Code input for plugin: NVIC
2024-06-19 19:15:49,611 [INFO] BlockDiagram:2759 - set Specific Code input for plugin: SYS
2024-06-19 19:15:49,611 [INFO] BlockDiagram:2759 - set Specific Code input for plugin: GPIO
2024-06-19 19:15:49,612 [INFO] BlockDiagram:2759 - set Specific Code input for plugin: CAN
2024-06-19 19:15:49,612 [INFO] BlockDiagram:2759 - set Specific Code input for plugin: RCC
2024-06-19 19:15:49,614 [INFO] CodeGenerator:807 - code generatio: config db path: C:\ST\STM32CubeIDE_1.15.1\STM32CubeIDE\plugins\com.st.stm32cube.common.mx_6.11.1.202404110753\\db\
2024-06-19 19:15:49,805 [INFO] CodeEngine:255 - oldGeneratedFile, C:\Users\Omar\STM32CubeIDE\workspace_1.15.1\Control_Senoloid\MXTmpFiles\license.tmp_save
2024-06-19 19:15:50,185 [INFO] CodeEngine:279 - Generated code: C:\Users\Omar\STM32CubeIDE\workspace_1.15.1\Control_Senoloid\MXTmpFiles\license.tmp
2024-06-19 19:15:50,289 [INFO] CodeEngine:255 - oldGeneratedFile, C:\Users\Omar\STM32CubeIDE\workspace_1.15.1\Control_Senoloid\MXTmpFiles\gpio.tmp_save
2024-06-19 19:15:50,446 [INFO] CodeEngine:279 - Generated code: C:\Users\Omar\STM32CubeIDE\workspace_1.15.1\Control_Senoloid\MXTmpFiles\gpio.tmp
2024-06-19 19:15:50,524 [INFO] CodeEngine:255 - oldGeneratedFile, C:\Users\Omar\STM32CubeIDE\workspace_1.15.1\Control_Senoloid\Core\Src\stm32f1xx_it.c_save
2024-06-19 19:15:50,679 [INFO] CodeEngine:279 - Generated code: C:\Users\Omar\STM32CubeIDE\workspace_1.15.1\Control_Senoloid\Core\Src\stm32f1xx_it.c
2024-06-19 19:15:50,684 [INFO] CodeEngine:255 - oldGeneratedFile, C:\Users\Omar\STM32CubeIDE\workspace_1.15.1\Control_Senoloid\Core\Inc\stm32f1xx_it.h_save
2024-06-19 19:15:50,792 [INFO] CodeEngine:279 - Generated code: C:\Users\Omar\STM32CubeIDE\workspace_1.15.1\Control_Senoloid\Core\Inc\stm32f1xx_it.h
2024-06-19 19:15:50,805 [INFO] CodeEngine:255 - oldGeneratedFile, C:\Users\Omar\STM32CubeIDE\workspace_1.15.1\Control_Senoloid\Core\Src\stm32f1xx_hal_msp.c_save
2024-06-19 19:15:50,996 [INFO] CodeEngine:279 - Generated code: C:\Users\Omar\STM32CubeIDE\workspace_1.15.1\Control_Senoloid\Core\Src\stm32f1xx_hal_msp.c
2024-06-19 19:15:51,002 [INFO] CodeEngine:255 - oldGeneratedFile, C:\Users\Omar\STM32CubeIDE\workspace_1.15.1\Control_Senoloid\MXTmpFiles\system.tmp_save
2024-06-19 19:15:51,094 [INFO] CodeEngine:279 - Generated code: C:\Users\Omar\STM32CubeIDE\workspace_1.15.1\Control_Senoloid\MXTmpFiles\system.tmp
2024-06-19 19:15:51,103 [INFO] CodeEngine:311 - oldGeneratedFile, C:\Users\Omar\STM32CubeIDE\workspace_1.15.1\Control_Senoloid\Core\Inc\stm32f1xx_hal_conf.h_save
2024-06-19 19:15:51,190 [INFO] CodeEngine:335 - Generated code: C:\Users\Omar\STM32CubeIDE\workspace_1.15.1\Control_Senoloid\Core\Inc\stm32f1xx_hal_conf.h
2024-06-19 19:15:51,224 [INFO] CodeEngine:255 - oldGeneratedFile, C:\Users\Omar\STM32CubeIDE\workspace_1.15.1\Control_Senoloid\Core\Inc\main.h_save
2024-06-19 19:15:51,326 [INFO] CodeEngine:279 - Generated code: C:\Users\Omar\STM32CubeIDE\workspace_1.15.1\Control_Senoloid\Core\Inc\main.h
2024-06-19 19:15:51,331 [INFO] CodeEngine:255 - oldGeneratedFile, C:\Users\Omar\STM32CubeIDE\workspace_1.15.1\Control_Senoloid\Core\Src\main.c_save
2024-06-19 19:15:51,510 [INFO] CodeEngine:279 - Generated code: C:\Users\Omar\STM32CubeIDE\workspace_1.15.1\Control_Senoloid\Core\Src\main.c
2024-06-19 19:15:51,803 [INFO] ProjectBuilder:3163 - Time for Copy HAL[1] : 97mS.
2024-06-19 19:15:51,813 [INFO] ProjectBuilder:4736 - Project Generator version: 4.3.0-B58
2024-06-19 19:15:51,927 [INFO] ConfigFileManager:1503 - The Die is : DIE410
2024-06-19 19:15:51,938 [INFO] ApiDbMcu:508 - Load IP Config File for FATFS
2024-06-19 19:15:51,945 [INFO] ApiDbMcu:508 - Load IP Config File for FREERTOS
2024-06-19 19:15:51,954 [INFO] ApiDbMcu:508 - Load IP Config File for USB_DEVICE
2024-06-19 19:15:52,320 [INFO] LogOutputStream:77 - [STDOUT_REDIRECT] 
2024-06-19 19:15:54,027 [INFO] ProjectBuilder:5002 - Time for Generating toolchain IDE Files: 2214mS.
2024-06-19 19:15:54,028 [INFO] ProjectBuilder:3034 - Time for Copy CMSIS : 1mS.
2024-06-19 19:15:54,030 [INFO] ProjectBuilder:3034 - Time for Copy CMSIS : 0mS.
2024-06-19 19:52:33,044 [INFO] NvicIntPanel:101 - NVIC parent = com.st.microxplorer.plugins.ip.nvic.MultiNvicIntPanel[,0,0,0x0,invalid,layout=javax.swing.BoxLayout,alignmentX=0.0,alignmentY=0.0,border=,flags=9,maximumSize=,minimumSize=,preferredSize=]
2024-06-19 19:52:33,988 [INFO] NvicIntPanel:101 - NVIC parent = com.st.microxplorer.plugins.ip.nvic.MultiNvicIntPanel[,0,0,0x0,invalid,layout=javax.swing.BoxLayout,alignmentX=0.0,alignmentY=0.0,border=,flags=9,maximumSize=,minimumSize=,preferredSize=]
2024-06-19 19:52:34,721 [INFO] NvicIntPanel:101 - NVIC parent = com.st.microxplorer.plugins.ip.nvic.MultiNvicIntPanel[,0,0,0x0,invalid,layout=javax.swing.BoxLayout,alignmentX=0.0,alignmentY=0.0,border=,flags=9,maximumSize=,minimumSize=,preferredSize=]
2024-06-19 19:54:59,114 [INFO] NvicIntPanel:101 - NVIC parent = com.st.microxplorer.plugins.ip.nvic.MultiNvicIntPanel[,0,0,0x0,invalid,layout=javax.swing.BoxLayout,alignmentX=0.0,alignmentY=0.0,border=,flags=9,maximumSize=,minimumSize=,preferredSize=]
2024-06-19 19:55:00,135 [INFO] NvicIntPanel:101 - NVIC parent = com.st.microxplorer.plugins.ip.nvic.MultiNvicIntPanel[,0,0,0x0,invalid,layout=javax.swing.BoxLayout,alignmentX=0.0,alignmentY=0.0,border=,flags=9,maximumSize=,minimumSize=,preferredSize=]
2024-06-19 19:55:01,051 [INFO] NvicIntPanel:101 - NVIC parent = com.st.microxplorer.plugins.ip.nvic.MultiNvicIntPanel[,0,0,0x0,invalid,layout=javax.swing.BoxLayout,alignmentX=0.0,alignmentY=0.0,border=,flags=9,maximumSize=,minimumSize=,preferredSize=]
2024-06-19 19:55:02,286 [INFO] NvicIntPanel:101 - NVIC parent = com.st.microxplorer.plugins.ip.nvic.MultiNvicIntPanel[,0,0,0x0,invalid,layout=javax.swing.BoxLayout,alignmentX=0.0,alignmentY=0.0,border=,flags=9,maximumSize=,minimumSize=,preferredSize=]
2024-06-19 19:55:02,572 [INFO] UtilMem:75 - End SaveConfig() Used Memory: 502526320 Bytes (650117120)
2024-06-19 19:59:46,353 [INFO] NvicIntPanel:101 - NVIC parent = com.st.microxplorer.plugins.ip.nvic.MultiNvicIntPanel[,0,0,0x0,invalid,layout=javax.swing.BoxLayout,alignmentX=0.0,alignmentY=0.0,border=,flags=9,maximumSize=,minimumSize=,preferredSize=]
2024-06-19 19:59:46,384 [INFO] NvicIntPanel:101 - NVIC parent = com.st.microxplorer.plugins.ip.nvic.MultiNvicIntPanel[,0,0,0x0,invalid,layout=javax.swing.BoxLayout,alignmentX=0.0,alignmentY=0.0,border=,flags=9,maximumSize=,minimumSize=,preferredSize=]
2024-06-19 19:59:58,295 [INFO] NvicIntPanel:101 - NVIC parent = com.st.microxplorer.plugins.ip.nvic.MultiNvicIntPanel[,0,0,0x0,invalid,layout=javax.swing.BoxLayout,alignmentX=0.0,alignmentY=0.0,border=,flags=9,maximumSize=,minimumSize=,preferredSize=]
2024-06-19 19:59:58,329 [INFO] NvicIntPanel:101 - NVIC parent = com.st.microxplorer.plugins.ip.nvic.MultiNvicIntPanel[,0,0,0x0,invalid,layout=javax.swing.BoxLayout,alignmentX=0.0,alignmentY=0.0,border=,flags=9,maximumSize=,minimumSize=,preferredSize=]
2024-06-19 20:00:00,649 [INFO] NvicIntPanel:101 - NVIC parent = com.st.microxplorer.plugins.ip.nvic.MultiNvicIntPanel[,0,0,0x0,invalid,layout=javax.swing.BoxLayout,alignmentX=0.0,alignmentY=0.0,border=,flags=9,maximumSize=,minimumSize=,preferredSize=]
2024-06-19 20:00:00,682 [INFO] NvicIntPanel:101 - NVIC parent = com.st.microxplorer.plugins.ip.nvic.MultiNvicIntPanel[,0,0,0x0,invalid,layout=javax.swing.BoxLayout,alignmentX=0.0,alignmentY=0.0,border=,flags=9,maximumSize=,minimumSize=,preferredSize=]
2024-06-19 20:01:37,407 [INFO] NvicIntPanel:101 - NVIC parent = com.st.microxplorer.plugins.ip.nvic.MultiNvicIntPanel[,0,0,0x0,invalid,layout=javax.swing.BoxLayout,alignmentX=0.0,alignmentY=0.0,border=,flags=9,maximumSize=,minimumSize=,preferredSize=]
2024-06-19 20:01:39,704 [INFO] NvicIntPanel:101 - NVIC parent = com.st.microxplorer.plugins.ip.nvic.MultiNvicIntPanel[,0,0,0x0,invalid,layout=javax.swing.BoxLayout,alignmentX=0.0,alignmentY=0.0,border=,flags=9,maximumSize=,minimumSize=,preferredSize=]
2024-06-19 20:01:40,894 [INFO] UtilMem:75 - End SaveConfig() Used Memory: 586591496 Bytes (650117120)
2024-06-19 20:01:44,912 [INFO] UtilMem:75 - End SaveConfig() Used Memory: 603537536 Bytes (650117120)
2024-06-19 20:01:48,762 [INFO] UtilMem:75 - End SaveConfig() Used Memory: 197254360 Bytes (650117120)
2024-06-19 20:01:48,993 [INFO] BlockDiagram:2759 - set Specific Code input for plugin: NVIC
2024-06-19 20:01:48,993 [INFO] BlockDiagram:2759 - set Specific Code input for plugin: SYS
2024-06-19 20:01:48,994 [INFO] BlockDiagram:2759 - set Specific Code input for plugin: GPIO
2024-06-19 20:01:48,994 [INFO] BlockDiagram:2759 - set Specific Code input for plugin: CAN
2024-06-19 20:01:48,994 [INFO] BlockDiagram:2759 - set Specific Code input for plugin: RCC
2024-06-19 20:01:48,995 [INFO] CodeGenerator:807 - code generatio: config db path: C:\ST\STM32CubeIDE_1.15.1\STM32CubeIDE\plugins\com.st.stm32cube.common.mx_6.11.1.202404110753\\db\
2024-06-19 20:01:49,059 [INFO] CodeEngine:255 - oldGeneratedFile, C:\Users\Omar\STM32CubeIDE\workspace_1.15.1\Control_Senoloid\MXTmpFiles\license.tmp_save
2024-06-19 20:01:49,141 [INFO] CodeEngine:279 - Generated code: C:\Users\Omar\STM32CubeIDE\workspace_1.15.1\Control_Senoloid\MXTmpFiles\license.tmp
2024-06-19 20:01:49,153 [INFO] CodeEngine:255 - oldGeneratedFile, C:\Users\Omar\STM32CubeIDE\workspace_1.15.1\Control_Senoloid\MXTmpFiles\gpio.tmp_save
2024-06-19 20:01:49,219 [INFO] CodeEngine:279 - Generated code: C:\Users\Omar\STM32CubeIDE\workspace_1.15.1\Control_Senoloid\MXTmpFiles\gpio.tmp
2024-06-19 20:01:49,255 [INFO] CodeEngine:255 - oldGeneratedFile, C:\Users\Omar\STM32CubeIDE\workspace_1.15.1\Control_Senoloid\Core\Src\stm32f1xx_it.c_save
2024-06-19 20:01:49,476 [INFO] CodeEngine:279 - Generated code: C:\Users\Omar\STM32CubeIDE\workspace_1.15.1\Control_Senoloid\Core\Src\stm32f1xx_it.c
2024-06-19 20:01:49,480 [INFO] CodeEngine:255 - oldGeneratedFile, C:\Users\Omar\STM32CubeIDE\workspace_1.15.1\Control_Senoloid\Core\Inc\stm32f1xx_it.h_save
2024-06-19 20:01:49,540 [INFO] CodeEngine:279 - Generated code: C:\Users\Omar\STM32CubeIDE\workspace_1.15.1\Control_Senoloid\Core\Inc\stm32f1xx_it.h
2024-06-19 20:01:49,551 [INFO] CodeEngine:255 - oldGeneratedFile, C:\Users\Omar\STM32CubeIDE\workspace_1.15.1\Control_Senoloid\Core\Src\stm32f1xx_hal_msp.c_save
2024-06-19 20:01:49,672 [INFO] CodeEngine:279 - Generated code: C:\Users\Omar\STM32CubeIDE\workspace_1.15.1\Control_Senoloid\Core\Src\stm32f1xx_hal_msp.c
2024-06-19 20:01:49,676 [INFO] CodeEngine:255 - oldGeneratedFile, C:\Users\Omar\STM32CubeIDE\workspace_1.15.1\Control_Senoloid\MXTmpFiles\system.tmp_save
2024-06-19 20:01:49,727 [INFO] CodeEngine:279 - Generated code: C:\Users\Omar\STM32CubeIDE\workspace_1.15.1\Control_Senoloid\MXTmpFiles\system.tmp
2024-06-19 20:01:49,735 [INFO] CodeEngine:311 - oldGeneratedFile, C:\Users\Omar\STM32CubeIDE\workspace_1.15.1\Control_Senoloid\Core\Inc\stm32f1xx_hal_conf.h_save
2024-06-19 20:01:49,802 [INFO] CodeEngine:335 - Generated code: C:\Users\Omar\STM32CubeIDE\workspace_1.15.1\Control_Senoloid\Core\Inc\stm32f1xx_hal_conf.h
2024-06-19 20:01:49,819 [INFO] CodeEngine:255 - oldGeneratedFile, C:\Users\Omar\STM32CubeIDE\workspace_1.15.1\Control_Senoloid\Core\Inc\main.h_save
2024-06-19 20:01:49,888 [INFO] CodeEngine:279 - Generated code: C:\Users\Omar\STM32CubeIDE\workspace_1.15.1\Control_Senoloid\Core\Inc\main.h
2024-06-19 20:01:49,891 [INFO] CodeEngine:255 - oldGeneratedFile, C:\Users\Omar\STM32CubeIDE\workspace_1.15.1\Control_Senoloid\Core\Src\main.c_save
2024-06-19 20:01:49,970 [INFO] CodeEngine:279 - Generated code: C:\Users\Omar\STM32CubeIDE\workspace_1.15.1\Control_Senoloid\Core\Src\main.c
2024-06-19 20:01:50,154 [INFO] ProjectBuilder:3163 - Time for Copy HAL[1] : 55mS.
2024-06-19 20:01:50,156 [INFO] ProjectBuilder:4736 - Project Generator version: 4.3.0-B58
2024-06-19 20:01:50,213 [INFO] ConfigFileManager:1503 - The Die is : DIE410
2024-06-19 20:01:50,831 [INFO] ProjectBuilder:5002 - Time for Generating toolchain IDE Files: 675mS.
2024-06-19 20:01:50,832 [INFO] ProjectBuilder:3034 - Time for Copy CMSIS : 0mS.
2024-06-19 20:01:50,834 [INFO] ProjectBuilder:3034 - Time for Copy CMSIS : 0mS.
2024-06-19 20:38:01,730 [INFO] UtilMem:75 - End SaveConfig() Used Memory: 338382000 Bytes (762314752)
2024-06-19 20:38:01,941 [ERROR] ConfigurationRetriever:142 - IOException on connection: Connection refused: no further information
2024-06-19 20:38:01,942 [ERROR] ConfigurationRetriever:142 - IOException on connection: Connection refused: no further information
2024-06-19 20:38:01,942 [ERROR] ConfigurationRetriever:142 - IOException on connection: Connection refused: no further information
2024-06-19 20:38:02,047 [ERROR] AdobePublisher:162 - Exception while opening the connection: java.net.SocketException: Connection refused: no further information
2024-06-19 20:38:02,047 [ERROR] AdobePublisher:162 - Exception while opening the connection: java.net.SocketException: Connection refused: no further information
2024-06-19 20:38:02,048 [ERROR] AdobePublisher:162 - Exception while opening the connection: java.net.SocketException: Connection refused: no further information
2024-06-19 20:38:02,048 [ERROR] AdobePublisher:162 - Exception while opening the connection: java.net.SocketException: Connection refused: no further information
2024-06-19 20:38:02,049 [ERROR] AdobePublisher:162 - Exception while opening the connection: java.net.SocketException: Connection refused: no further information
2024-06-19 20:38:03,252 [INFO] UtilMem:75 - End SaveConfig() Used Memory: 357256368 Bytes (762314752)
2024-06-19 20:38:05,439 [INFO] UtilMem:75 - End SaveConfig() Used Memory: 396577968 Bytes (762314752)
2024-06-19 20:38:05,454 [ERROR] ConfigurationRetriever:142 - IOException on connection: Connection refused: no further information
2024-06-19 20:38:05,455 [ERROR] ConfigurationRetriever:142 - IOException on connection: Connection refused: no further information
2024-06-19 20:38:05,456 [ERROR] ConfigurationRetriever:142 - IOException on connection: Connection refused: no further information
2024-06-19 20:38:05,561 [INFO] BlockDiagram:2759 - set Specific Code input for plugin: NVIC
2024-06-19 20:38:05,561 [INFO] BlockDiagram:2759 - set Specific Code input for plugin: SYS
2024-06-19 20:38:05,561 [INFO] BlockDiagram:2759 - set Specific Code input for plugin: GPIO
2024-06-19 20:38:05,561 [INFO] BlockDiagram:2759 - set Specific Code input for plugin: CAN
2024-06-19 20:38:05,561 [INFO] BlockDiagram:2759 - set Specific Code input for plugin: RCC
2024-06-19 20:38:05,562 [INFO] CodeGenerator:807 - code generatio: config db path: C:\ST\STM32CubeIDE_1.15.1\STM32CubeIDE\plugins\com.st.stm32cube.common.mx_6.11.1.202404110753\\db\
2024-06-19 20:38:05,605 [INFO] CodeEngine:255 - oldGeneratedFile, C:\Users\Omar\STM32CubeIDE\workspace_1.15.1\Control_Senoloid\MXTmpFiles\license.tmp_save
2024-06-19 20:38:05,662 [INFO] CodeEngine:279 - Generated code: C:\Users\Omar\STM32CubeIDE\workspace_1.15.1\Control_Senoloid\MXTmpFiles\license.tmp
2024-06-19 20:38:05,670 [INFO] CodeEngine:255 - oldGeneratedFile, C:\Users\Omar\STM32CubeIDE\workspace_1.15.1\Control_Senoloid\MXTmpFiles\gpio.tmp_save
2024-06-19 20:38:05,722 [INFO] CodeEngine:279 - Generated code: C:\Users\Omar\STM32CubeIDE\workspace_1.15.1\Control_Senoloid\MXTmpFiles\gpio.tmp
2024-06-19 20:38:05,739 [INFO] CodeEngine:255 - oldGeneratedFile, C:\Users\Omar\STM32CubeIDE\workspace_1.15.1\Control_Senoloid\Core\Src\stm32f1xx_it.c_save
2024-06-19 20:38:05,847 [INFO] CodeEngine:279 - Generated code: C:\Users\Omar\STM32CubeIDE\workspace_1.15.1\Control_Senoloid\Core\Src\stm32f1xx_it.c
2024-06-19 20:38:05,850 [INFO] CodeEngine:255 - oldGeneratedFile, C:\Users\Omar\STM32CubeIDE\workspace_1.15.1\Control_Senoloid\Core\Inc\stm32f1xx_it.h_save
2024-06-19 20:38:05,894 [INFO] CodeEngine:279 - Generated code: C:\Users\Omar\STM32CubeIDE\workspace_1.15.1\Control_Senoloid\Core\Inc\stm32f1xx_it.h
2024-06-19 20:38:05,900 [INFO] CodeEngine:255 - oldGeneratedFile, C:\Users\Omar\STM32CubeIDE\workspace_1.15.1\Control_Senoloid\Core\Src\stm32f1xx_hal_msp.c_save
2024-06-19 20:38:05,971 [INFO] CodeEngine:279 - Generated code: C:\Users\Omar\STM32CubeIDE\workspace_1.15.1\Control_Senoloid\Core\Src\stm32f1xx_hal_msp.c
2024-06-19 20:38:05,974 [INFO] CodeEngine:255 - oldGeneratedFile, C:\Users\Omar\STM32CubeIDE\workspace_1.15.1\Control_Senoloid\MXTmpFiles\system.tmp_save
2024-06-19 20:38:06,016 [INFO] CodeEngine:279 - Generated code: C:\Users\Omar\STM32CubeIDE\workspace_1.15.1\Control_Senoloid\MXTmpFiles\system.tmp
2024-06-19 20:38:06,021 [INFO] CodeEngine:311 - oldGeneratedFile, C:\Users\Omar\STM32CubeIDE\workspace_1.15.1\Control_Senoloid\Core\Inc\stm32f1xx_hal_conf.h_save
2024-06-19 20:38:06,068 [INFO] CodeEngine:335 - Generated code: C:\Users\Omar\STM32CubeIDE\workspace_1.15.1\Control_Senoloid\Core\Inc\stm32f1xx_hal_conf.h
2024-06-19 20:38:06,080 [INFO] CodeEngine:255 - oldGeneratedFile, C:\Users\Omar\STM32CubeIDE\workspace_1.15.1\Control_Senoloid\Core\Inc\main.h_save
2024-06-19 20:38:06,136 [INFO] CodeEngine:279 - Generated code: C:\Users\Omar\STM32CubeIDE\workspace_1.15.1\Control_Senoloid\Core\Inc\main.h
2024-06-19 20:38:06,139 [INFO] CodeEngine:255 - oldGeneratedFile, C:\Users\Omar\STM32CubeIDE\workspace_1.15.1\Control_Senoloid\Core\Src\main.c_save
2024-06-19 20:38:06,208 [INFO] CodeEngine:279 - Generated code: C:\Users\Omar\STM32CubeIDE\workspace_1.15.1\Control_Senoloid\Core\Src\main.c
2024-06-19 20:38:06,393 [INFO] ProjectBuilder:3163 - Time for Copy HAL[1] : 57mS.
2024-06-19 20:38:06,394 [INFO] ProjectBuilder:4736 - Project Generator version: 4.3.0-B58
2024-06-19 20:38:06,449 [INFO] ConfigFileManager:1503 - The Die is : DIE410
2024-06-19 20:38:06,989 [INFO] ProjectBuilder:5002 - Time for Generating toolchain IDE Files: 595mS.
2024-06-19 20:38:06,990 [INFO] ProjectBuilder:3034 - Time for Copy CMSIS : 1mS.
2024-06-19 20:38:06,992 [INFO] ProjectBuilder:3034 - Time for Copy CMSIS : 0mS.
2024-06-19 20:40:33,239 [ERROR] ConfigurationRetriever:142 - IOException on connection: Connection refused: no further information
2024-06-19 20:40:33,240 [ERROR] ConfigurationRetriever:142 - IOException on connection: Connection refused: no further information
2024-06-19 20:40:33,240 [ERROR] ConfigurationRetriever:142 - IOException on connection: Connection refused: no further information
2024-06-19 20:41:10,004 [ERROR] ConfigurationRetriever:142 - IOException on connection: Connection refused: no further information
2024-06-19 20:41:10,005 [ERROR] ConfigurationRetriever:142 - IOException on connection: Connection refused: no further information
2024-06-19 20:41:10,005 [ERROR] ConfigurationRetriever:142 - IOException on connection: Connection refused: no further information
2024-06-19 20:44:24,855 [ERROR] ConfigurationRetriever:142 - IOException on connection: Connection refused: no further information
2024-06-19 20:44:24,855 [ERROR] ConfigurationRetriever:142 - IOException on connection: Connection refused: no further information
2024-06-19 20:44:24,856 [ERROR] ConfigurationRetriever:142 - IOException on connection: Connection refused: no further information
2024-06-19 20:44:27,787 [ERROR] ConfigurationRetriever:142 - IOException on connection: Connection refused: no further information
2024-06-19 20:44:27,788 [ERROR] ConfigurationRetriever:142 - IOException on connection: Connection refused: no further information
2024-06-19 20:44:27,797 [ERROR] ConfigurationRetriever:142 - IOException on connection: Connection refused: no further information
